# JRE version: Java(TM) SE Runtime Environment (8.0_92-b14) (build 1.8.0_92-b14)
# Java VM: Java HotSpot(TM) 64-Bit Server VM (25.92-b14 mixed mode windows-amd64 compressed oops)
Heap:
 PSYoungGen      total 94208K, used 39757K [0x0000000780780000, 0x0000000786e00000, 0x00000007c0000000)
  eden space 86016K, 36% used [0x0000000780780000,0x00000007826565e8,0x0000000785b80000)
  from space 8192K, 99% used [0x0000000786600000,0x0000000786dfcfc8,0x0000000786e00000)
  to   space 8192K, 0% used [0x0000000785e00000,0x0000000785e00000,0x0000000786600000)
 ParOldGen       total 63488K, used 13689K [0x0000000701600000, 0x0000000705400000, 0x0000000780780000)
  object space 63488K, 21% used [0x0000000701600000,0x000000070235e4a0,0x0000000705400000)
 Metaspace       used 25525K, capacity 26938K, committed 27136K, reserved 1073152K
  class space    used 3488K, capacity 3770K, committed 3840K, reserved 1048576K
GC Heap History (10 events):
Event: 2.499 GC heap before
{Heap before GC invocations=1 (full 0):
 PSYoungGen      total 57344K, used 49152K [0x0000000780780000, 0x0000000784780000, 0x00000007c0000000)
  eden space 49152K, 100% used [0x0000000780780000,0x0000000783780000,0x0000000783780000)
  from space 8192K, 0% used [0x0000000783f80000,0x0000000783f80000,0x0000000784780000)
  to   space 8192K, 0% used [0x0000000783780000,0x0000000783780000,0x0000000783f80000)
 ParOldGen       total 131072K, used 0K [0x0000000701600000, 0x0000000709600000, 0x0000000780780000)
  object space 131072K, 0% used [0x0000000701600000,0x0000000701600000,0x0000000709600000)
 Metaspace       used 19112K, capacity 20328K, committed 20480K, reserved 1067008K
  class space    used 2835K, capacity 3065K, committed 3072K, reserved 1048576K
Event: 2.509 GC heap after
Heap after GC invocations=1 (full 0):
 PSYoungGen      total 57344K, used 6418K [0x0000000780780000, 0x0000000784780000, 0x00000007c0000000)
  eden space 49152K, 0% used [0x0000000780780000,0x0000000780780000,0x0000000783780000)
  from space 8192K, 78% used [0x0000000783780000,0x0000000783dc4ad0,0x0000000783f80000)
  to   space 8192K, 0% used [0x0000000783f80000,0x0000000783f80000,0x0000000784780000)
 ParOldGen       total 131072K, used 88K [0x0000000701600000, 0x0000000709600000, 0x0000000780780000)
  object space 131072K, 0% used [0x0000000701600000,0x0000000701616010,0x0000000709600000)
 Metaspace       used 19112K, capacity 20328K, committed 20480K, reserved 1067008K
  class space    used 2835K, capacity 3065K, committed 3072K, reserved 1048576K
}
Event: 2.548 GC heap before
{Heap before GC invocations=2 (full 0):
 PSYoungGen      total 57344K, used 9258K [0x0000000780780000, 0x0000000784780000, 0x00000007c0000000)
  eden space 49152K, 5% used [0x0000000780780000,0x0000000780a45de0,0x0000000783780000)
  from space 8192K, 78% used [0x0000000783780000,0x0000000783dc4ad0,0x0000000783f80000)
  to   space 8192K, 0% used [0x0000000783f80000,0x0000000783f80000,0x0000000784780000)
 ParOldGen       total 131072K, used 88K [0x0000000701600000, 0x0000000709600000, 0x0000000780780000)
  object space 131072K, 0% used [0x0000000701600000,0x0000000701616010,0x0000000709600000)
 Metaspace       used 20022K, capacity 21210K, committed 21296K, reserved 1067008K
  class space    used 2936K, capacity 3164K, committed 3200K, reserved 1048576K
Event: 2.556 GC heap after
Heap after GC invocations=2 (full 0):
 PSYoungGen      total 57344K, used 6338K [0x0000000780780000, 0x0000000787780000, 0x00000007c0000000)
  eden space 49152K, 0% used [0x0000000780780000,0x0000000780780000,0x0000000783780000)
  from space 8192K, 77% used [0x0000000783f80000,0x00000007845b0ae0,0x0000000784780000)
  to   space 8192K, 0% used [0x0000000783780000,0x0000000783780000,0x0000000783f80000)
 ParOldGen       total 131072K, used 96K [0x0000000701600000, 0x0000000709600000, 0x0000000780780000)
  object space 131072K, 0% used [0x0000000701600000,0x0000000701618010,0x0000000709600000)
 Metaspace       used 20022K, capacity 21210K, committed 21296K, reserved 1067008K
  class space    used 2936K, capacity 3164K, committed 3200K, reserved 1048576K
}
Event: 2.556 GC heap before
{Heap before GC invocations=3 (full 1):
 PSYoungGen      total 57344K, used 6338K [0x0000000780780000, 0x0000000787780000, 0x00000007c0000000)
  eden space 49152K, 0% used [0x0000000780780000,0x0000000780780000,0x0000000783780000)
  from space 8192K, 77% used [0x0000000783f80000,0x00000007845b0ae0,0x0000000784780000)
  to   space 8192K, 0% used [0x0000000783780000,0x0000000783780000,0x0000000783f80000)
 ParOldGen       total 131072K, used 96K [0x0000000701600000, 0x0000000709600000, 0x0000000780780000)
  object space 131072K, 0% used [0x0000000701600000,0x0000000701618010,0x0000000709600000)
 Metaspace       used 20022K, capacity 21210K, committed 21296K, reserved 1067008K
  class space    used 2936K, capacity 3164K, committed 3200K, reserved 1048576K
Event: 2.593 GC heap after
Heap after GC invocations=3 (full 1):
 PSYoungGen      total 57344K, used 0K [0x0000000780780000, 0x0000000787780000, 0x00000007c0000000)
  eden space 49152K, 0% used [0x0000000780780000,0x0000000780780000,0x0000000783780000)
  from space 8192K, 0% used [0x0000000783f80000,0x0000000783f80000,0x0000000784780000)
  to   space 8192K, 0% used [0x0000000783780000,0x0000000783780000,0x0000000783f80000)
 ParOldGen       total 63488K, used 6264K [0x0000000701600000, 0x0000000705400000, 0x0000000780780000)
  object space 63488K, 9% used [0x0000000701600000,0x0000000701c1e280,0x0000000705400000)
 Metaspace       used 20022K, capacity 21210K, committed 21296K, reserved 1067008K
  class space    used 2936K, capacity 3164K, committed 3200K, reserved 1048576K
}
Event: 4.654 GC heap before
{Heap before GC invocations=4 (full 1):
 PSYoungGen      total 57344K, used 49152K [0x0000000780780000, 0x0000000787780000, 0x00000007c0000000)
  eden space 49152K, 100% used [0x0000000780780000,0x0000000783780000,0x0000000783780000)
  from space 8192K, 0% used [0x0000000783f80000,0x0000000783f80000,0x0000000784780000)
  to   space 8192K, 0% used [0x0000000783780000,0x0000000783780000,0x0000000783f80000)
 ParOldGen       total 63488K, used 6264K [0x0000000701600000, 0x0000000705400000, 0x0000000780780000)
  object space 63488K, 9% used [0x0000000701600000,0x0000000701c1e280,0x0000000705400000)
 Metaspace       used 23870K, capacity 25172K, committed 25472K, reserved 1071104K
  class space    used 3372K, capacity 3657K, committed 3712K, reserved 1048576K
Event: 4.660 GC heap after
Heap after GC invocations=4 (full 1):
 PSYoungGen      total 57344K, used 8172K [0x0000000780780000, 0x0000000786e00000, 0x00000007c0000000)
  eden space 49152K, 0% used [0x0000000780780000,0x0000000780780000,0x0000000783780000)
  from space 8192K, 99% used [0x0000000783780000,0x0000000783f7b1c0,0x0000000783f80000)
  to   space 8192K, 0% used [0x0000000786600000,0x0000000786600000,0x0000000786e00000)
 ParOldGen       total 63488K, used 8351K [0x0000000701600000, 0x0000000705400000, 0x0000000780780000)
  object space 63488K, 13% used [0x0000000701600000,0x0000000701e27c10,0x0000000705400000)
 Metaspace       used 23870K, capacity 25172K, committed 25472K, reserved 1071104K
  class space    used 3372K, capacity 3657K, committed 3712K, reserved 1048576K
}
Event: 9.551 GC heap before
{Heap before GC invocations=5 (full 1):
 PSYoungGen      total 57344K, used 57324K [0x0000000780780000, 0x0000000786e00000, 0x00000007c0000000)
  eden space 49152K, 100% used [0x0000000780780000,0x0000000783780000,0x0000000783780000)
  from space 8192K, 99% used [0x0000000783780000,0x0000000783f7b1c0,0x0000000783f80000)
  to   space 8192K, 0% used [0x0000000786600000,0x0000000786600000,0x0000000786e00000)
 ParOldGen       total 63488K, used 8351K [0x0000000701600000, 0x0000000705400000, 0x0000000780780000)
  object space 63488K, 13% used [0x0000000701600000,0x0000000701e27c10,0x0000000705400000)
 Metaspace       used 25286K, capacity 26652K, committed 26880K, reserved 1073152K
  class space    used 3481K, capacity 3759K, committed 3840K, reserved 1048576K
Event: 9.559 GC heap after
Heap after GC invocations=5 (full 1):
 PSYoungGen      total 94208K, used 8179K [0x0000000780780000, 0x0000000786e00000, 0x00000007c0000000)
  eden space 86016K, 0% used [0x0000000780780000,0x0000000780780000,0x0000000785b80000)
  from space 8192K, 99% used [0x0000000786600000,0x0000000786dfcfc8,0x0000000786e00000)
  to   space 8192K, 0% used [0x0000000785e00000,0x0000000785e00000,0x0000000786600000)
 ParOldGen       total 63488K, used 13689K [0x0000000701600000, 0x0000000705400000, 0x0000000780780000)
  object space 63488K, 21% used [0x0000000701600000,0x000000070235e4a0,0x0000000705400000)
 Metaspace       used 25286K, capacity 26652K, committed 26880K, reserved 1073152K
  class space    used 3481K, capacity 3759K, committed 3840K, reserved 1048576K
}

