# JRE version: Java(TM) SE Runtime Environment (8.0_60-b27) (build 1.8.0_60-b27)
# Java VM: Java HotSpot(TM) 64-Bit Server VM (25.60-b23 mixed mode windows-amd64 compressed oops)
Heap:
 PSYoungGen      total 347136K, used 37158K [0x0000000780780000, 0x000000079fb80000, 0x00000007c0000000)
  eden space 329216K, 8% used [0x0000000780780000,0x00000007822a27f0,0x0000000794900000)
  from space 17920K, 52% used [0x0000000794900000,0x0000000795227220,0x0000000795a80000)
  to   space 16896K, 0% used [0x000000079eb00000,0x000000079eb00000,0x000000079fb80000)
 ParOldGen       total 57856K, used 27528K [0x0000000701600000, 0x0000000704e80000, 0x0000000780780000)
  object space 57856K, 47% used [0x0000000701600000,0x00000007030e23d8,0x0000000704e80000)
 Metaspace       used 27624K, capacity 28966K, committed 29312K, reserved 1075200K
  class space    used 3547K, capacity 3843K, committed 3968K, reserved 1048576K
GC Heap History (10 events):
Event: 29.460 GC heap before
{Heap before GC invocations=6 (full 1):
 PSYoungGen      total 103424K, used 103407K [0x0000000780780000, 0x0000000787500000, 0x00000007c0000000)
  eden space 95232K, 100% used [0x0000000780780000,0x0000000786480000,0x0000000786480000)
  from space 8192K, 99% used [0x0000000786d00000,0x00000007874fbea8,0x0000000787500000)
  to   space 8192K, 0% used [0x0000000786500000,0x0000000786500000,0x0000000786d00000)
 ParOldGen       total 57856K, used 14408K [0x0000000701600000, 0x0000000704e80000, 0x0000000780780000)
  object space 57856K, 24% used [0x0000000701600000,0x0000000702412038,0x0000000704e80000)
 Metaspace       used 25790K, capacity 27074K, committed 27264K, reserved 1073152K
  class space    used 3373K, capacity 3657K, committed 3712K, reserved 1048576K
Event: 29.470 GC heap after
Heap after GC invocations=6 (full 1):
 PSYoungGen      total 103936K, used 8179K [0x0000000780780000, 0x000000078df80000, 0x00000007c0000000)
  eden space 95744K, 0% used [0x0000000780780000,0x0000000780780000,0x0000000786500000)
  from space 8192K, 99% used [0x0000000786500000,0x0000000786cfcef0,0x0000000786d00000)
  to   space 19456K, 0% used [0x000000078cc80000,0x000000078cc80000,0x000000078df80000)
 ParOldGen       total 57856K, used 23114K [0x0000000701600000, 0x0000000704e80000, 0x0000000780780000)
  object space 57856K, 39% used [0x0000000701600000,0x0000000702c92b88,0x0000000704e80000)
 Metaspace       used 25790K, capacity 27074K, committed 27264K, reserved 1073152K
  class space    used 3373K, capacity 3657K, committed 3712K, reserved 1048576K
}
Event: 78.189 GC heap before
{Heap before GC invocations=7 (full 1):
 PSYoungGen      total 103936K, used 103923K [0x0000000780780000, 0x000000078df80000, 0x00000007c0000000)
  eden space 95744K, 100% used [0x0000000780780000,0x0000000786500000,0x0000000786500000)
  from space 8192K, 99% used [0x0000000786500000,0x0000000786cfcef0,0x0000000786d00000)
  to   space 19456K, 0% used [0x000000078cc80000,0x000000078cc80000,0x000000078df80000)
 ParOldGen       total 57856K, used 23114K [0x0000000701600000, 0x0000000704e80000, 0x0000000780780000)
  object space 57856K, 39% used [0x0000000701600000,0x0000000702c92b88,0x0000000704e80000)
 Metaspace       used 25927K, capacity 27226K, committed 27520K, reserved 1073152K
  class space    used 3380K, capacity 3663K, committed 3712K, reserved 1048576K
Event: 78.195 GC heap after
Heap after GC invocations=7 (full 1):
 PSYoungGen      total 197632K, used 8143K [0x0000000780780000, 0x000000078dd00000, 0x00000007c0000000)
  eden space 180736K, 0% used [0x0000000780780000,0x0000000780780000,0x000000078b800000)
  from space 16896K, 48% used [0x000000078cc80000,0x000000078d473f68,0x000000078dd00000)
  to   space 18944K, 0% used [0x000000078b800000,0x000000078b800000,0x000000078ca80000)
 ParOldGen       total 57856K, used 23122K [0x0000000701600000, 0x0000000704e80000, 0x0000000780780000)
  object space 57856K, 39% used [0x0000000701600000,0x0000000702c94b88,0x0000000704e80000)
 Metaspace       used 25927K, capacity 27226K, committed 27520K, reserved 1073152K
  class space    used 3380K, capacity 3663K, committed 3712K, reserved 1048576K
}
Event: 96.798 GC heap before
{Heap before GC invocations=8 (full 1):
 PSYoungGen      total 197632K, used 188879K [0x0000000780780000, 0x000000078dd00000, 0x00000007c0000000)
  eden space 180736K, 100% used [0x0000000780780000,0x000000078b800000,0x000000078b800000)
  from space 16896K, 48% used [0x000000078cc80000,0x000000078d473f68,0x000000078dd00000)
  to   space 18944K, 0% used [0x000000078b800000,0x000000078b800000,0x000000078ca80000)
 ParOldGen       total 57856K, used 23122K [0x0000000701600000, 0x0000000704e80000, 0x0000000780780000)
  object space 57856K, 39% used [0x0000000701600000,0x0000000702c94b88,0x0000000704e80000)
 Metaspace       used 26187K, capacity 27474K, committed 27520K, reserved 1073152K
  class space    used 3389K, capacity 3669K, committed 3712K, reserved 1048576K
Event: 96.806 GC heap after
Heap after GC invocations=8 (full 1):
 PSYoungGen      total 199680K, used 9982K [0x0000000780780000, 0x0000000797180000, 0x00000007c0000000)
  eden space 180736K, 0% used [0x0000000780780000,0x0000000780780000,0x000000078b800000)
  from space 18944K, 52% used [0x000000078b800000,0x000000078c1bfae8,0x000000078ca80000)
  to   space 17920K, 0% used [0x0000000796000000,0x0000000796000000,0x0000000797180000)
 ParOldGen       total 57856K, used 23130K [0x0000000701600000, 0x0000000704e80000, 0x0000000780780000)
  object space 57856K, 39% used [0x0000000701600000,0x0000000702c96b88,0x0000000704e80000)
 Metaspace       used 26187K, capacity 27474K, committed 27520K, reserved 1073152K
  class space    used 3389K, capacity 3669K, committed 3712K, reserved 1048576K
}
Event: 107.968 GC heap before
{Heap before GC invocations=9 (full 1):
 PSYoungGen      total 199680K, used 190718K [0x0000000780780000, 0x0000000797180000, 0x00000007c0000000)
  eden space 180736K, 100% used [0x0000000780780000,0x000000078b800000,0x000000078b800000)
  from space 18944K, 52% used [0x000000078b800000,0x000000078c1bfae8,0x000000078ca80000)
  to   space 17920K, 0% used [0x0000000796000000,0x0000000796000000,0x0000000797180000)
 ParOldGen       total 57856K, used 23130K [0x0000000701600000, 0x0000000704e80000, 0x0000000780780000)
  object space 57856K, 39% used [0x0000000701600000,0x0000000702c96b88,0x0000000704e80000)
 Metaspace       used 27526K, capacity 28838K, committed 29056K, reserved 1075200K
  class space    used 3547K, capacity 3843K, committed 3968K, reserved 1048576K
Event: 107.977 GC heap after
Heap after GC invocations=9 (full 1):
 PSYoungGen      total 339968K, used 12132K [0x0000000780780000, 0x0000000796c00000, 0x00000007c0000000)
  eden space 327680K, 0% used [0x0000000780780000,0x0000000780780000,0x0000000794780000)
  from space 12288K, 98% used [0x0000000796000000,0x0000000796bd93d8,0x0000000796c00000)
  to   space 17920K, 0% used [0x0000000794900000,0x0000000794900000,0x0000000795a80000)
 ParOldGen       total 57856K, used 27196K [0x0000000701600000, 0x0000000704e80000, 0x0000000780780000)
  object space 57856K, 47% used [0x0000000701600000,0x000000070308f1b8,0x0000000704e80000)
 Metaspace       used 27526K, capacity 28838K, committed 29056K, reserved 1075200K
  class space    used 3547K, capacity 3843K, committed 3968K, reserved 1048576K
}
Event: 121.408 GC heap before
{Heap before GC invocations=10 (full 1):
 PSYoungGen      total 339968K, used 339812K [0x0000000780780000, 0x0000000796c00000, 0x00000007c0000000)
  eden space 327680K, 100% used [0x0000000780780000,0x0000000794780000,0x0000000794780000)
  from space 12288K, 98% used [0x0000000796000000,0x0000000796bd93d8,0x0000000796c00000)
  to   space 17920K, 0% used [0x0000000794900000,0x0000000794900000,0x0000000795a80000)
 ParOldGen       total 57856K, used 27196K [0x0000000701600000, 0x0000000704e80000, 0x0000000780780000)
  object space 57856K, 47% used [0x0000000701600000,0x000000070308f1b8,0x0000000704e80000)
 Metaspace       used 27599K, capacity 28966K, committed 29312K, reserved 1075200K
  class space    used 3547K, capacity 3843K, committed 3968K, reserved 1048576K
Event: 121.414 GC heap after
Heap after GC invocations=10 (full 1):
 PSYoungGen      total 347136K, used 9372K [0x0000000780780000, 0x000000079fb80000, 0x00000007c0000000)
  eden space 329216K, 0% used [0x0000000780780000,0x0000000780780000,0x0000000794900000)
  from space 17920K, 52% used [0x0000000794900000,0x0000000795227220,0x0000000795a80000)
  to   space 16896K, 0% used [0x000000079eb00000,0x000000079eb00000,0x000000079fb80000)
 ParOldGen       total 57856K, used 27528K [0x0000000701600000, 0x0000000704e80000, 0x0000000780780000)
  object space 57856K, 47% used [0x0000000701600000,0x00000007030e23d8,0x0000000704e80000)
 Metaspace       used 27599K, capacity 28966K, committed 29312K, reserved 1075200K
  class space    used 3547K, capacity 3843K, committed 3968K, reserved 1048576K
}

