# JRE version: Java(TM) SE Runtime Environment (8.0_60-b27) (build 1.8.0_60-b27)
# Java VM: Java HotSpot(TM) 64-Bit Server VM (25.60-b23 mixed mode windows-amd64 compressed oops)
Heap:
 PSYoungGen      total 415744K, used 52720K [0x0000000780780000, 0x00000007a2880000, 0x00000007c0000000)
  eden space 376320K, 11% used [0x0000000780780000,0x00000007830d72c0,0x0000000797700000)
  from space 39424K, 26% used [0x0000000797700000,0x0000000798124d80,0x0000000799d80000)
  to   space 38912K, 0% used [0x00000007a0280000,0x00000007a0280000,0x00000007a2880000)
 ParOldGen       total 99840K, used 66881K [0x0000000701600000, 0x0000000707780000, 0x0000000780780000)
  object space 99840K, 66% used [0x0000000701600000,0x00000007057504d8,0x0000000707780000)
 Metaspace       used 26380K, capacity 27908K, committed 28160K, reserved 1073152K
  class space    used 3469K, capacity 3760K, committed 3840K, reserved 1048576K
GC Heap History (10 events):
Event: 28.041 GC heap before
{Heap before GC invocations=8 (full 1):
 PSYoungGen      total 198656K, used 185395K [0x0000000780780000, 0x000000078f080000, 0x00000007c0000000)
  eden space 173056K, 100% used [0x0000000780780000,0x000000078b080000,0x000000078b080000)
  from space 25600K, 48% used [0x000000078d780000,0x000000078e38ce20,0x000000078f080000)
  to   space 32768K, 0% used [0x000000078b080000,0x000000078b080000,0x000000078d080000)
 ParOldGen       total 99840K, used 19323K [0x0000000701600000, 0x0000000707780000, 0x0000000780780000)
  object space 99840K, 19% used [0x0000000701600000,0x00000007028dee50,0x0000000707780000)
 Metaspace       used 23665K, capacity 24940K, committed 25088K, reserved 1071104K
  class space    used 3313K, capacity 3556K, committed 3584K, reserved 1048576K
Event: 28.063 GC heap after
Heap after GC invocations=8 (full 1):
 PSYoungGen      total 205824K, used 19906K [0x0000000780780000, 0x0000000796800000, 0x00000007c0000000)
  eden space 173056K, 0% used [0x0000000780780000,0x0000000780780000,0x000000078b080000)
  from space 32768K, 60% used [0x000000078b080000,0x000000078c3f0978,0x000000078d080000)
  to   space 32768K, 0% used [0x0000000794800000,0x0000000794800000,0x0000000796800000)
 ParOldGen       total 99840K, used 19331K [0x0000000701600000, 0x0000000707780000, 0x0000000780780000)
  object space 99840K, 19% used [0x0000000701600000,0x00000007028e0e50,0x0000000707780000)
 Metaspace       used 23665K, capacity 24940K, committed 25088K, reserved 1071104K
  class space    used 3313K, capacity 3556K, committed 3584K, reserved 1048576K
}
Event: 38.423 GC heap before
{Heap before GC invocations=9 (full 1):
 PSYoungGen      total 205824K, used 192962K [0x0000000780780000, 0x0000000796800000, 0x00000007c0000000)
  eden space 173056K, 100% used [0x0000000780780000,0x000000078b080000,0x000000078b080000)
  from space 32768K, 60% used [0x000000078b080000,0x000000078c3f0978,0x000000078d080000)
  to   space 32768K, 0% used [0x0000000794800000,0x0000000794800000,0x0000000796800000)
 ParOldGen       total 99840K, used 19331K [0x0000000701600000, 0x0000000707780000, 0x0000000780780000)
  object space 99840K, 19% used [0x0000000701600000,0x00000007028e0e50,0x0000000707780000)
 Metaspace       used 23665K, capacity 24940K, committed 25088K, reserved 1071104K
  class space    used 3313K, capacity 3556K, committed 3584K, reserved 1048576K
Event: 38.450 GC heap after
Heap after GC invocations=9 (full 1):
 PSYoungGen      total 314880K, used 27836K [0x0000000780780000, 0x0000000796480000, 0x00000007c0000000)
  eden space 285696K, 0% used [0x0000000780780000,0x0000000780780000,0x0000000791e80000)
  from space 29184K, 95% used [0x0000000794800000,0x000000079632f030,0x0000000796480000)
  to   space 35840K, 0% used [0x0000000791e80000,0x0000000791e80000,0x0000000794180000)
 ParOldGen       total 99840K, used 19331K [0x0000000701600000, 0x0000000707780000, 0x0000000780780000)
  object space 99840K, 19% used [0x0000000701600000,0x00000007028e0e50,0x0000000707780000)
 Metaspace       used 23665K, capacity 24940K, committed 25088K, reserved 1071104K
  class space    used 3313K, capacity 3556K, committed 3584K, reserved 1048576K
}
Event: 56.430 GC heap before
{Heap before GC invocations=10 (full 1):
 PSYoungGen      total 314880K, used 313532K [0x0000000780780000, 0x0000000796480000, 0x00000007c0000000)
  eden space 285696K, 100% used [0x0000000780780000,0x0000000791e80000,0x0000000791e80000)
  from space 29184K, 95% used [0x0000000794800000,0x000000079632f030,0x0000000796480000)
  to   space 35840K, 0% used [0x0000000791e80000,0x0000000791e80000,0x0000000794180000)
 ParOldGen       total 99840K, used 19331K [0x0000000701600000, 0x0000000707780000, 0x0000000780780000)
  object space 99840K, 19% used [0x0000000701600000,0x00000007028e0e50,0x0000000707780000)
 Metaspace       used 23665K, capacity 24940K, committed 25088K, reserved 1071104K
  class space    used 3313K, capacity 3556K, committed 3584K, reserved 1048576K
Event: 56.468 GC heap after
Heap after GC invocations=10 (full 1):
 PSYoungGen      total 321536K, used 28377K [0x0000000780780000, 0x000000079cc00000, 0x00000007c0000000)
  eden space 285696K, 0% used [0x0000000780780000,0x0000000780780000,0x0000000791e80000)
  from space 35840K, 79% used [0x0000000791e80000,0x0000000793a36540,0x0000000794180000)
  to   space 38400K, 0% used [0x000000079a680000,0x000000079a680000,0x000000079cc00000)
 ParOldGen       total 99840K, used 31186K [0x0000000701600000, 0x0000000707780000, 0x0000000780780000)
  object space 99840K, 31% used [0x0000000701600000,0x0000000703474a18,0x0000000707780000)
 Metaspace       used 23665K, capacity 24940K, committed 25088K, reserved 1071104K
  class space    used 3313K, capacity 3556K, committed 3584K, reserved 1048576K
}
Event: 71.571 GC heap before
{Heap before GC invocations=11 (full 1):
 PSYoungGen      total 321536K, used 314073K [0x0000000780780000, 0x000000079cc00000, 0x00000007c0000000)
  eden space 285696K, 100% used [0x0000000780780000,0x0000000791e80000,0x0000000791e80000)
  from space 35840K, 79% used [0x0000000791e80000,0x0000000793a36540,0x0000000794180000)
  to   space 38400K, 0% used [0x000000079a680000,0x000000079a680000,0x000000079cc00000)
 ParOldGen       total 99840K, used 31186K [0x0000000701600000, 0x0000000707780000, 0x0000000780780000)
  object space 99840K, 31% used [0x0000000701600000,0x0000000703474a48,0x0000000707780000)
 Metaspace       used 25010K, capacity 26384K, committed 26496K, reserved 1073152K
  class space    used 3415K, capacity 3688K, committed 3712K, reserved 1048576K
Event: 71.608 GC heap after
Heap after GC invocations=11 (full 1):
 PSYoungGen      total 406528K, used 25950K [0x0000000780780000, 0x000000079c400000, 0x00000007c0000000)
  eden space 376320K, 0% used [0x0000000780780000,0x0000000780780000,0x0000000797700000)
  from space 30208K, 85% used [0x000000079a680000,0x000000079bfd79e8,0x000000079c400000)
  to   space 39424K, 0% used [0x0000000797700000,0x0000000797700000,0x0000000799d80000)
 ParOldGen       total 99840K, used 47042K [0x0000000701600000, 0x0000000707780000, 0x0000000780780000)
  object space 99840K, 47% used [0x0000000701600000,0x00000007043f0a68,0x0000000707780000)
 Metaspace       used 25010K, capacity 26384K, committed 26496K, reserved 1073152K
  class space    used 3415K, capacity 3688K, committed 3712K, reserved 1048576K
}
Event: 128.911 GC heap before
{Heap before GC invocations=12 (full 1):
 PSYoungGen      total 406528K, used 402270K [0x0000000780780000, 0x000000079c400000, 0x00000007c0000000)
  eden space 376320K, 100% used [0x0000000780780000,0x0000000797700000,0x0000000797700000)
  from space 30208K, 85% used [0x000000079a680000,0x000000079bfd79e8,0x000000079c400000)
  to   space 39424K, 0% used [0x0000000797700000,0x0000000797700000,0x0000000799d80000)
 ParOldGen       total 99840K, used 47044K [0x0000000701600000, 0x0000000707780000, 0x0000000780780000)
  object space 99840K, 47% used [0x0000000701600000,0x00000007043f1330,0x0000000707780000)
 Metaspace       used 26343K, capacity 27844K, committed 28160K, reserved 1073152K
  class space    used 3469K, capacity 3760K, committed 3840K, reserved 1048576K
Event: 128.941 GC heap after
Heap after GC invocations=12 (full 1):
 PSYoungGen      total 415744K, used 10387K [0x0000000780780000, 0x00000007a2880000, 0x00000007c0000000)
  eden space 376320K, 0% used [0x0000000780780000,0x0000000780780000,0x0000000797700000)
  from space 39424K, 26% used [0x0000000797700000,0x0000000798124d80,0x0000000799d80000)
  to   space 38912K, 0% used [0x00000007a0280000,0x00000007a0280000,0x00000007a2880000)
 ParOldGen       total 99840K, used 66881K [0x0000000701600000, 0x0000000707780000, 0x0000000780780000)
  object space 99840K, 66% used [0x0000000701600000,0x00000007057504d8,0x0000000707780000)
 Metaspace       used 26343K, capacity 27844K, committed 28160K, reserved 1073152K
  class space    used 3469K, capacity 3760K, committed 3840K, reserved 1048576K
}

