# JRE version: Java(TM) SE Runtime Environment (8.0_92-b14) (build 1.8.0_92-b14)
# Java VM: Java HotSpot(TM) 64-Bit Server VM (25.92-b14 mixed mode windows-amd64 compressed oops)
Heap:
 PSYoungGen      total 82432K, used 12174K [0x0000000780780000, 0x0000000786380000, 0x00000007c0000000)
  eden space 74240K, 5% used [0x0000000780780000,0x0000000780b69c60,0x0000000785000000)
  from space 8192K, 99% used [0x0000000785b80000,0x0000000786379bb0,0x0000000786380000)
  to   space 8192K, 0% used [0x0000000785380000,0x0000000785380000,0x0000000785b80000)
 ParOldGen       total 72192K, used 13390K [0x0000000701600000, 0x0000000705c80000, 0x0000000780780000)
  object space 72192K, 18% used [0x0000000701600000,0x0000000702313930,0x0000000705c80000)
 Metaspace       used 25417K, capacity 26836K, committed 27136K, reserved 1073152K
  class space    used 3476K, capacity 3753K, committed 3840K, reserved 1048576K
GC Heap History (10 events):
Event: 1.646 GC heap before
{Heap before GC invocations=1 (full 0):
 PSYoungGen      total 57344K, used 49152K [0x0000000780780000, 0x0000000784780000, 0x00000007c0000000)
  eden space 49152K, 100% used [0x0000000780780000,0x0000000783780000,0x0000000783780000)
  from space 8192K, 0% used [0x0000000783f80000,0x0000000783f80000,0x0000000784780000)
  to   space 8192K, 0% used [0x0000000783780000,0x0000000783780000,0x0000000783f80000)
 ParOldGen       total 131072K, used 0K [0x0000000701600000, 0x0000000709600000, 0x0000000780780000)
  object space 131072K, 0% used [0x0000000701600000,0x0000000701600000,0x0000000709600000)
 Metaspace       used 19056K, capacity 20296K, committed 20480K, reserved 1067008K
  class space    used 2817K, capacity 3051K, committed 3072K, reserved 1048576K
Event: 1.654 GC heap after
Heap after GC invocations=1 (full 0):
 PSYoungGen      total 57344K, used 6386K [0x0000000780780000, 0x0000000784780000, 0x00000007c0000000)
  eden space 49152K, 0% used [0x0000000780780000,0x0000000780780000,0x0000000783780000)
  from space 8192K, 77% used [0x0000000783780000,0x0000000783dbcad0,0x0000000783f80000)
  to   space 8192K, 0% used [0x0000000783f80000,0x0000000783f80000,0x0000000784780000)
 ParOldGen       total 131072K, used 88K [0x0000000701600000, 0x0000000709600000, 0x0000000780780000)
  object space 131072K, 0% used [0x0000000701600000,0x0000000701616010,0x0000000709600000)
 Metaspace       used 19056K, capacity 20296K, committed 20480K, reserved 1067008K
  class space    used 2817K, capacity 3051K, committed 3072K, reserved 1048576K
}
Event: 1.730 GC heap before
{Heap before GC invocations=2 (full 0):
 PSYoungGen      total 57344K, used 9705K [0x0000000780780000, 0x0000000784780000, 0x00000007c0000000)
  eden space 49152K, 6% used [0x0000000780780000,0x0000000780abdcc0,0x0000000783780000)
  from space 8192K, 77% used [0x0000000783780000,0x0000000783dbcad0,0x0000000783f80000)
  to   space 8192K, 0% used [0x0000000783f80000,0x0000000783f80000,0x0000000784780000)
 ParOldGen       total 131072K, used 88K [0x0000000701600000, 0x0000000709600000, 0x0000000780780000)
  object space 131072K, 0% used [0x0000000701600000,0x0000000701616010,0x0000000709600000)
 Metaspace       used 20025K, capacity 21254K, committed 21296K, reserved 1067008K
  class space    used 2944K, capacity 3176K, committed 3200K, reserved 1048576K
Event: 1.737 GC heap after
Heap after GC invocations=2 (full 0):
 PSYoungGen      total 57344K, used 6338K [0x0000000780780000, 0x0000000787780000, 0x00000007c0000000)
  eden space 49152K, 0% used [0x0000000780780000,0x0000000780780000,0x0000000783780000)
  from space 8192K, 77% used [0x0000000783f80000,0x00000007845b0ae0,0x0000000784780000)
  to   space 8192K, 0% used [0x0000000783780000,0x0000000783780000,0x0000000783f80000)
 ParOldGen       total 131072K, used 96K [0x0000000701600000, 0x0000000709600000, 0x0000000780780000)
  object space 131072K, 0% used [0x0000000701600000,0x0000000701618010,0x0000000709600000)
 Metaspace       used 20025K, capacity 21254K, committed 21296K, reserved 1067008K
  class space    used 2944K, capacity 3176K, committed 3200K, reserved 1048576K
}
Event: 1.737 GC heap before
{Heap before GC invocations=3 (full 1):
 PSYoungGen      total 57344K, used 6338K [0x0000000780780000, 0x0000000787780000, 0x00000007c0000000)
  eden space 49152K, 0% used [0x0000000780780000,0x0000000780780000,0x0000000783780000)
  from space 8192K, 77% used [0x0000000783f80000,0x00000007845b0ae0,0x0000000784780000)
  to   space 8192K, 0% used [0x0000000783780000,0x0000000783780000,0x0000000783f80000)
 ParOldGen       total 131072K, used 96K [0x0000000701600000, 0x0000000709600000, 0x0000000780780000)
  object space 131072K, 0% used [0x0000000701600000,0x0000000701618010,0x0000000709600000)
 Metaspace       used 20025K, capacity 21254K, committed 21296K, reserved 1067008K
  class space    used 2944K, capacity 3176K, committed 3200K, reserved 1048576K
Event: 1.774 GC heap after
Heap after GC invocations=3 (full 1):
 PSYoungGen      total 57344K, used 0K [0x0000000780780000, 0x0000000787780000, 0x00000007c0000000)
  eden space 49152K, 0% used [0x0000000780780000,0x0000000780780000,0x0000000783780000)
  from space 8192K, 0% used [0x0000000783f80000,0x0000000783f80000,0x0000000784780000)
  to   space 8192K, 0% used [0x0000000783780000,0x0000000783780000,0x0000000783f80000)
 ParOldGen       total 72192K, used 6280K [0x0000000701600000, 0x0000000705c80000, 0x0000000780780000)
  object space 72192K, 8% used [0x0000000701600000,0x0000000701c22110,0x0000000705c80000)
 Metaspace       used 20025K, capacity 21254K, committed 21296K, reserved 1067008K
  class space    used 2944K, capacity 3176K, committed 3200K, reserved 1048576K
}
Event: 3.870 GC heap before
{Heap before GC invocations=4 (full 1):
 PSYoungGen      total 57344K, used 49152K [0x0000000780780000, 0x0000000787780000, 0x00000007c0000000)
  eden space 49152K, 100% used [0x0000000780780000,0x0000000783780000,0x0000000783780000)
  from space 8192K, 0% used [0x0000000783f80000,0x0000000783f80000,0x0000000784780000)
  to   space 8192K, 0% used [0x0000000783780000,0x0000000783780000,0x0000000783f80000)
 ParOldGen       total 72192K, used 6280K [0x0000000701600000, 0x0000000705c80000, 0x0000000780780000)
  object space 72192K, 8% used [0x0000000701600000,0x0000000701c22110,0x0000000705c80000)
 Metaspace       used 23996K, capacity 25308K, committed 25472K, reserved 1071104K
  class space    used 3372K, capacity 3657K, committed 3712K, reserved 1048576K
Event: 3.875 GC heap after
Heap after GC invocations=4 (full 1):
 PSYoungGen      total 57344K, used 8189K [0x0000000780780000, 0x0000000786380000, 0x00000007c0000000)
  eden space 49152K, 0% used [0x0000000780780000,0x0000000780780000,0x0000000783780000)
  from space 8192K, 99% used [0x0000000783780000,0x0000000783f7f568,0x0000000783f80000)
  to   space 8192K, 0% used [0x0000000785b80000,0x0000000785b80000,0x0000000786380000)
 ParOldGen       total 72192K, used 6356K [0x0000000701600000, 0x0000000705c80000, 0x0000000780780000)
  object space 72192K, 8% used [0x0000000701600000,0x0000000701c351a0,0x0000000705c80000)
 Metaspace       used 23996K, capacity 25308K, committed 25472K, reserved 1071104K
  class space    used 3372K, capacity 3657K, committed 3712K, reserved 1048576K
}
Event: 121.200 GC heap before
{Heap before GC invocations=5 (full 1):
 PSYoungGen      total 57344K, used 57341K [0x0000000780780000, 0x0000000786380000, 0x00000007c0000000)
  eden space 49152K, 100% used [0x0000000780780000,0x0000000783780000,0x0000000783780000)
  from space 8192K, 99% used [0x0000000783780000,0x0000000783f7f568,0x0000000783f80000)
  to   space 8192K, 0% used [0x0000000785b80000,0x0000000785b80000,0x0000000786380000)
 ParOldGen       total 72192K, used 6356K [0x0000000701600000, 0x0000000705c80000, 0x0000000780780000)
  object space 72192K, 8% used [0x0000000701600000,0x0000000701c351a0,0x0000000705c80000)
 Metaspace       used 25408K, capacity 26836K, committed 27136K, reserved 1073152K
  class space    used 3476K, capacity 3753K, committed 3840K, reserved 1048576K
Event: 121.208 GC heap after
Heap after GC invocations=5 (full 1):
 PSYoungGen      total 82432K, used 8166K [0x0000000780780000, 0x0000000786380000, 0x00000007c0000000)
  eden space 74240K, 0% used [0x0000000780780000,0x0000000780780000,0x0000000785000000)
  from space 8192K, 99% used [0x0000000785b80000,0x0000000786379bb0,0x0000000786380000)
  to   space 8192K, 0% used [0x0000000785380000,0x0000000785380000,0x0000000785b80000)
 ParOldGen       total 72192K, used 13390K [0x0000000701600000, 0x0000000705c80000, 0x0000000780780000)
  object space 72192K, 18% used [0x0000000701600000,0x0000000702313930,0x0000000705c80000)
 Metaspace       used 25408K, capacity 26836K, committed 27136K, reserved 1073152K
  class space    used 3476K, capacity 3753K, committed 3840K, reserved 1048576K
}

