# JRE version: Java(TM) SE Runtime Environment (8.0_92-b14) (build 1.8.0_92-b14)
# Java VM: Java HotSpot(TM) 64-Bit Server VM (25.92-b14 mixed mode windows-amd64 compressed oops)
Heap:
 PSYoungGen      total 57344K, used 49282K [0x0000000780780000, 0x0000000786c00000, 0x00000007c0000000)
  eden space 49152K, 83% used [0x0000000780780000,0x0000000782fa1ab8,0x0000000783780000)
  from space 8192K, 99% used [0x0000000783780000,0x0000000783f7eea0,0x0000000783f80000)
  to   space 8192K, 0% used [0x0000000786400000,0x0000000786400000,0x0000000786c00000)
 ParOldGen       total 65024K, used 6293K [0x0000000701600000, 0x0000000705580000, 0x0000000780780000)
  object space 65024K, 9% used [0x0000000701600000,0x0000000701c25710,0x0000000705580000)
 Metaspace       used 25081K, capacity 26472K, committed 26624K, reserved 1073152K
  class space    used 3457K, capacity 3747K, committed 3840K, reserved 1048576K
GC Heap History (8 events):
Event: 3.181 GC heap before
{Heap before GC invocations=1 (full 0):
 PSYoungGen      total 57344K, used 49152K [0x0000000780780000, 0x0000000784780000, 0x00000007c0000000)
  eden space 49152K, 100% used [0x0000000780780000,0x0000000783780000,0x0000000783780000)
  from space 8192K, 0% used [0x0000000783f80000,0x0000000783f80000,0x0000000784780000)
  to   space 8192K, 0% used [0x0000000783780000,0x0000000783780000,0x0000000783f80000)
 ParOldGen       total 131072K, used 0K [0x0000000701600000, 0x0000000709600000, 0x0000000780780000)
  object space 131072K, 0% used [0x0000000701600000,0x0000000701600000,0x0000000709600000)
 Metaspace       used 19072K, capacity 20326K, committed 20480K, reserved 1067008K
  class space    used 2823K, capacity 3064K, committed 3072K, reserved 1048576K
Event: 3.188 GC heap after
Heap after GC invocations=1 (full 0):
 PSYoungGen      total 57344K, used 6386K [0x0000000780780000, 0x0000000784780000, 0x00000007c0000000)
  eden space 49152K, 0% used [0x0000000780780000,0x0000000780780000,0x0000000783780000)
  from space 8192K, 77% used [0x0000000783780000,0x0000000783dbcad0,0x0000000783f80000)
  to   space 8192K, 0% used [0x0000000783f80000,0x0000000783f80000,0x0000000784780000)
 ParOldGen       total 131072K, used 88K [0x0000000701600000, 0x0000000709600000, 0x0000000780780000)
  object space 131072K, 0% used [0x0000000701600000,0x0000000701616010,0x0000000709600000)
 Metaspace       used 19072K, capacity 20326K, committed 20480K, reserved 1067008K
  class space    used 2823K, capacity 3064K, committed 3072K, reserved 1048576K
}
Event: 3.237 GC heap before
{Heap before GC invocations=2 (full 0):
 PSYoungGen      total 57344K, used 8861K [0x0000000780780000, 0x0000000784780000, 0x00000007c0000000)
  eden space 49152K, 5% used [0x0000000780780000,0x00000007809eab78,0x0000000783780000)
  from space 8192K, 77% used [0x0000000783780000,0x0000000783dbcad0,0x0000000783f80000)
  to   space 8192K, 0% used [0x0000000783f80000,0x0000000783f80000,0x0000000784780000)
 ParOldGen       total 131072K, used 88K [0x0000000701600000, 0x0000000709600000, 0x0000000780780000)
  object space 131072K, 0% used [0x0000000701600000,0x0000000701616010,0x0000000709600000)
 Metaspace       used 20022K, capacity 21214K, committed 21296K, reserved 1067008K
  class space    used 2931K, capacity 3164K, committed 3200K, reserved 1048576K
Event: 3.244 GC heap after
Heap after GC invocations=2 (full 0):
 PSYoungGen      total 57344K, used 6178K [0x0000000780780000, 0x0000000787780000, 0x00000007c0000000)
  eden space 49152K, 0% used [0x0000000780780000,0x0000000780780000,0x0000000783780000)
  from space 8192K, 75% used [0x0000000783f80000,0x0000000784588ab0,0x0000000784780000)
  to   space 8192K, 0% used [0x0000000783780000,0x0000000783780000,0x0000000783f80000)
 ParOldGen       total 131072K, used 224K [0x0000000701600000, 0x0000000709600000, 0x0000000780780000)
  object space 131072K, 0% used [0x0000000701600000,0x0000000701638020,0x0000000709600000)
 Metaspace       used 20022K, capacity 21214K, committed 21296K, reserved 1067008K
  class space    used 2931K, capacity 3164K, committed 3200K, reserved 1048576K
}
Event: 3.244 GC heap before
{Heap before GC invocations=3 (full 1):
 PSYoungGen      total 57344K, used 6178K [0x0000000780780000, 0x0000000787780000, 0x00000007c0000000)
  eden space 49152K, 0% used [0x0000000780780000,0x0000000780780000,0x0000000783780000)
  from space 8192K, 75% used [0x0000000783f80000,0x0000000784588ab0,0x0000000784780000)
  to   space 8192K, 0% used [0x0000000783780000,0x0000000783780000,0x0000000783f80000)
 ParOldGen       total 131072K, used 224K [0x0000000701600000, 0x0000000709600000, 0x0000000780780000)
  object space 131072K, 0% used [0x0000000701600000,0x0000000701638020,0x0000000709600000)
 Metaspace       used 20022K, capacity 21214K, committed 21296K, reserved 1067008K
  class space    used 2931K, capacity 3164K, committed 3200K, reserved 1048576K
Event: 3.284 GC heap after
Heap after GC invocations=3 (full 1):
 PSYoungGen      total 57344K, used 0K [0x0000000780780000, 0x0000000787780000, 0x00000007c0000000)
  eden space 49152K, 0% used [0x0000000780780000,0x0000000780780000,0x0000000783780000)
  from space 8192K, 0% used [0x0000000783f80000,0x0000000783f80000,0x0000000784780000)
  to   space 8192K, 0% used [0x0000000783780000,0x0000000783780000,0x0000000783f80000)
 ParOldGen       total 65024K, used 6259K [0x0000000701600000, 0x0000000705580000, 0x0000000780780000)
  object space 65024K, 9% used [0x0000000701600000,0x0000000701c1cf38,0x0000000705580000)
 Metaspace       used 20022K, capacity 21214K, committed 21296K, reserved 1067008K
  class space    used 2931K, capacity 3164K, committed 3200K, reserved 1048576K
}
Event: 5.644 GC heap before
{Heap before GC invocations=4 (full 1):
 PSYoungGen      total 57344K, used 49152K [0x0000000780780000, 0x0000000787780000, 0x00000007c0000000)
  eden space 49152K, 100% used [0x0000000780780000,0x0000000783780000,0x0000000783780000)
  from space 8192K, 0% used [0x0000000783f80000,0x0000000783f80000,0x0000000784780000)
  to   space 8192K, 0% used [0x0000000783780000,0x0000000783780000,0x0000000783f80000)
 ParOldGen       total 65024K, used 6259K [0x0000000701600000, 0x0000000705580000, 0x0000000780780000)
  object space 65024K, 9% used [0x0000000701600000,0x0000000701c1cf38,0x0000000705580000)
 Metaspace       used 23935K, capacity 25240K, committed 25472K, reserved 1071104K
  class space    used 3371K, capacity 3657K, committed 3712K, reserved 1048576K
Event: 5.649 GC heap after
Heap after GC invocations=4 (full 1):
 PSYoungGen      total 57344K, used 8187K [0x0000000780780000, 0x0000000786c00000, 0x00000007c0000000)
  eden space 49152K, 0% used [0x0000000780780000,0x0000000780780000,0x0000000783780000)
  from space 8192K, 99% used [0x0000000783780000,0x0000000783f7eea0,0x0000000783f80000)
  to   space 8192K, 0% used [0x0000000786400000,0x0000000786400000,0x0000000786c00000)
 ParOldGen       total 65024K, used 6293K [0x0000000701600000, 0x0000000705580000, 0x0000000780780000)
  object space 65024K, 9% used [0x0000000701600000,0x0000000701c25710,0x0000000705580000)
 Metaspace       used 23935K, capacity 25240K, committed 25472K, reserved 1071104K
  class space    used 3371K, capacity 3657K, committed 3712K, reserved 1048576K
}

