# JRE version: Java(TM) SE Runtime Environment (8.0_92-b14) (build 1.8.0_92-b14)
# Java VM: Java HotSpot(TM) 64-Bit Server VM (25.92-b14 mixed mode windows-amd64 compressed oops)
Heap:
 PSYoungGen      total 57344K, used 46968K [0x0000000780780000, 0x0000000786c80000, 0x00000007c0000000)
  eden space 49152K, 78% used [0x0000000780780000,0x0000000782d5f8f8,0x0000000783780000)
  from space 8192K, 99% used [0x0000000783780000,0x0000000783f7eaf8,0x0000000783f80000)
  to   space 8192K, 0% used [0x0000000786480000,0x0000000786480000,0x0000000786c80000)
 ParOldGen       total 64512K, used 8345K [0x0000000701600000, 0x0000000705500000, 0x0000000780780000)
  object space 64512K, 12% used [0x0000000701600000,0x0000000701e265f8,0x0000000705500000)
 Metaspace       used 25059K, capacity 26466K, committed 26624K, reserved 1073152K
  class space    used 3456K, capacity 3746K, committed 3840K, reserved 1048576K
GC Heap History (8 events):
Event: 3.762 GC heap before
{Heap before GC invocations=1 (full 0):
 PSYoungGen      total 57344K, used 49152K [0x0000000780780000, 0x0000000784780000, 0x00000007c0000000)
  eden space 49152K, 100% used [0x0000000780780000,0x0000000783780000,0x0000000783780000)
  from space 8192K, 0% used [0x0000000783f80000,0x0000000783f80000,0x0000000784780000)
  to   space 8192K, 0% used [0x0000000783780000,0x0000000783780000,0x0000000783f80000)
 ParOldGen       total 131072K, used 0K [0x0000000701600000, 0x0000000709600000, 0x0000000780780000)
  object space 131072K, 0% used [0x0000000701600000,0x0000000701600000,0x0000000709600000)
 Metaspace       used 19044K, capacity 20236K, committed 20480K, reserved 1067008K
  class space    used 2817K, capacity 3057K, committed 3072K, reserved 1048576K
Event: 3.771 GC heap after
Heap after GC invocations=1 (full 0):
 PSYoungGen      total 57344K, used 6336K [0x0000000780780000, 0x0000000784780000, 0x00000007c0000000)
  eden space 49152K, 0% used [0x0000000780780000,0x0000000780780000,0x0000000783780000)
  from space 8192K, 77% used [0x0000000783780000,0x0000000783db0050,0x0000000783f80000)
  to   space 8192K, 0% used [0x0000000783f80000,0x0000000783f80000,0x0000000784780000)
 ParOldGen       total 131072K, used 88K [0x0000000701600000, 0x0000000709600000, 0x0000000780780000)
  object space 131072K, 0% used [0x0000000701600000,0x0000000701616010,0x0000000709600000)
 Metaspace       used 19044K, capacity 20236K, committed 20480K, reserved 1067008K
  class space    used 2817K, capacity 3057K, committed 3072K, reserved 1048576K
}
Event: 3.841 GC heap before
{Heap before GC invocations=2 (full 0):
 PSYoungGen      total 57344K, used 8793K [0x0000000780780000, 0x0000000784780000, 0x00000007c0000000)
  eden space 49152K, 5% used [0x0000000780780000,0x00000007809e66b0,0x0000000783780000)
  from space 8192K, 77% used [0x0000000783780000,0x0000000783db0050,0x0000000783f80000)
  to   space 8192K, 0% used [0x0000000783f80000,0x0000000783f80000,0x0000000784780000)
 ParOldGen       total 131072K, used 88K [0x0000000701600000, 0x0000000709600000, 0x0000000780780000)
  object space 131072K, 0% used [0x0000000701600000,0x0000000701616010,0x0000000709600000)
 Metaspace       used 20025K, capacity 21246K, committed 21296K, reserved 1067008K
  class space    used 2944K, capacity 3176K, committed 3200K, reserved 1048576K
Event: 3.848 GC heap after
Heap after GC invocations=2 (full 0):
 PSYoungGen      total 57344K, used 6402K [0x0000000780780000, 0x0000000787780000, 0x00000007c0000000)
  eden space 49152K, 0% used [0x0000000780780000,0x0000000780780000,0x0000000783780000)
  from space 8192K, 78% used [0x0000000783f80000,0x00000007845c0ae0,0x0000000784780000)
  to   space 8192K, 0% used [0x0000000783780000,0x0000000783780000,0x0000000783f80000)
 ParOldGen       total 131072K, used 96K [0x0000000701600000, 0x0000000709600000, 0x0000000780780000)
  object space 131072K, 0% used [0x0000000701600000,0x0000000701618010,0x0000000709600000)
 Metaspace       used 20025K, capacity 21246K, committed 21296K, reserved 1067008K
  class space    used 2944K, capacity 3176K, committed 3200K, reserved 1048576K
}
Event: 3.848 GC heap before
{Heap before GC invocations=3 (full 1):
 PSYoungGen      total 57344K, used 6402K [0x0000000780780000, 0x0000000787780000, 0x00000007c0000000)
  eden space 49152K, 0% used [0x0000000780780000,0x0000000780780000,0x0000000783780000)
  from space 8192K, 78% used [0x0000000783f80000,0x00000007845c0ae0,0x0000000784780000)
  to   space 8192K, 0% used [0x0000000783780000,0x0000000783780000,0x0000000783f80000)
 ParOldGen       total 131072K, used 96K [0x0000000701600000, 0x0000000709600000, 0x0000000780780000)
  object space 131072K, 0% used [0x0000000701600000,0x0000000701618010,0x0000000709600000)
 Metaspace       used 20025K, capacity 21246K, committed 21296K, reserved 1067008K
  class space    used 2944K, capacity 3176K, committed 3200K, reserved 1048576K
Event: 3.883 GC heap after
Heap after GC invocations=3 (full 1):
 PSYoungGen      total 57344K, used 0K [0x0000000780780000, 0x0000000787780000, 0x00000007c0000000)
  eden space 49152K, 0% used [0x0000000780780000,0x0000000780780000,0x0000000783780000)
  from space 8192K, 0% used [0x0000000783f80000,0x0000000783f80000,0x0000000784780000)
  to   space 8192K, 0% used [0x0000000783780000,0x0000000783780000,0x0000000783f80000)
 ParOldGen       total 64512K, used 6281K [0x0000000701600000, 0x0000000705500000, 0x0000000780780000)
  object space 64512K, 9% used [0x0000000701600000,0x0000000701c225e8,0x0000000705500000)
 Metaspace       used 20025K, capacity 21246K, committed 21296K, reserved 1067008K
  class space    used 2944K, capacity 3176K, committed 3200K, reserved 1048576K
}
Event: 5.917 GC heap before
{Heap before GC invocations=4 (full 1):
 PSYoungGen      total 57344K, used 49152K [0x0000000780780000, 0x0000000787780000, 0x00000007c0000000)
  eden space 49152K, 100% used [0x0000000780780000,0x0000000783780000,0x0000000783780000)
  from space 8192K, 0% used [0x0000000783f80000,0x0000000783f80000,0x0000000784780000)
  to   space 8192K, 0% used [0x0000000783780000,0x0000000783780000,0x0000000783f80000)
 ParOldGen       total 64512K, used 6281K [0x0000000701600000, 0x0000000705500000, 0x0000000780780000)
  object space 64512K, 9% used [0x0000000701600000,0x0000000701c225e8,0x0000000705500000)
 Metaspace       used 23882K, capacity 25236K, committed 25472K, reserved 1071104K
  class space    used 3374K, capacity 3657K, committed 3712K, reserved 1048576K
Event: 5.923 GC heap after
Heap after GC invocations=4 (full 1):
 PSYoungGen      total 57344K, used 8186K [0x0000000780780000, 0x0000000786c80000, 0x00000007c0000000)
  eden space 49152K, 0% used [0x0000000780780000,0x0000000780780000,0x0000000783780000)
  from space 8192K, 99% used [0x0000000783780000,0x0000000783f7eaf8,0x0000000783f80000)
  to   space 8192K, 0% used [0x0000000786480000,0x0000000786480000,0x0000000786c80000)
 ParOldGen       total 64512K, used 8345K [0x0000000701600000, 0x0000000705500000, 0x0000000780780000)
  object space 64512K, 12% used [0x0000000701600000,0x0000000701e265f8,0x0000000705500000)
 Metaspace       used 23882K, capacity 25236K, committed 25472K, reserved 1071104K
  class space    used 3374K, capacity 3657K, committed 3712K, reserved 1048576K
}

