# JRE version: Java(TM) SE Runtime Environment (8.0_92-b14) (build 1.8.0_92-b14)
# Java VM: Java HotSpot(TM) 64-Bit Server VM (25.92-b14 mixed mode windows-amd64 compressed oops)
Heap:
 PSYoungGen      total 57344K, used 56958K [0x0000000780780000, 0x0000000786800000, 0x00000007c0000000)
  eden space 49152K, 99% used [0x0000000780780000,0x0000000783726378,0x0000000783780000)
  from space 8192K, 99% used [0x0000000783780000,0x0000000783f79668,0x0000000783f80000)
  to   space 8192K, 0% used [0x0000000786000000,0x0000000786000000,0x0000000786800000)
 ParOldGen       total 68608K, used 6309K [0x0000000701600000, 0x0000000705900000, 0x0000000780780000)
  object space 68608K, 9% used [0x0000000701600000,0x0000000701c29778,0x0000000705900000)
 Metaspace       used 25135K, capacity 26540K, committed 26880K, reserved 1073152K
  class space    used 3457K, capacity 3747K, committed 3840K, reserved 1048576K
GC Heap History (8 events):
Event: 2.780 GC heap before
{Heap before GC invocations=1 (full 0):
 PSYoungGen      total 57344K, used 49152K [0x0000000780780000, 0x0000000784780000, 0x00000007c0000000)
  eden space 49152K, 100% used [0x0000000780780000,0x0000000783780000,0x0000000783780000)
  from space 8192K, 0% used [0x0000000783f80000,0x0000000783f80000,0x0000000784780000)
  to   space 8192K, 0% used [0x0000000783780000,0x0000000783780000,0x0000000783f80000)
 ParOldGen       total 131072K, used 0K [0x0000000701600000, 0x0000000709600000, 0x0000000780780000)
  object space 131072K, 0% used [0x0000000701600000,0x0000000701600000,0x0000000709600000)
 Metaspace       used 19001K, capacity 20210K, committed 20480K, reserved 1067008K
  class space    used 2807K, capacity 3046K, committed 3072K, reserved 1048576K
Event: 2.788 GC heap after
Heap after GC invocations=1 (full 0):
 PSYoungGen      total 57344K, used 6240K [0x0000000780780000, 0x0000000784780000, 0x00000007c0000000)
  eden space 49152K, 0% used [0x0000000780780000,0x0000000780780000,0x0000000783780000)
  from space 8192K, 76% used [0x0000000783780000,0x0000000783d98040,0x0000000783f80000)
  to   space 8192K, 0% used [0x0000000783f80000,0x0000000783f80000,0x0000000784780000)
 ParOldGen       total 131072K, used 216K [0x0000000701600000, 0x0000000709600000, 0x0000000780780000)
  object space 131072K, 0% used [0x0000000701600000,0x0000000701636020,0x0000000709600000)
 Metaspace       used 19001K, capacity 20210K, committed 20480K, reserved 1067008K
  class space    used 2807K, capacity 3046K, committed 3072K, reserved 1048576K
}
Event: 2.851 GC heap before
{Heap before GC invocations=2 (full 0):
 PSYoungGen      total 57344K, used 9578K [0x0000000780780000, 0x0000000784780000, 0x00000007c0000000)
  eden space 49152K, 6% used [0x0000000780780000,0x0000000780ac27e8,0x0000000783780000)
  from space 8192K, 76% used [0x0000000783780000,0x0000000783d98040,0x0000000783f80000)
  to   space 8192K, 0% used [0x0000000783f80000,0x0000000783f80000,0x0000000784780000)
 ParOldGen       total 131072K, used 216K [0x0000000701600000, 0x0000000709600000, 0x0000000780780000)
  object space 131072K, 0% used [0x0000000701600000,0x0000000701636020,0x0000000709600000)
 Metaspace       used 20047K, capacity 21222K, committed 21296K, reserved 1067008K
  class space    used 2933K, capacity 3166K, committed 3200K, reserved 1048576K
Event: 2.857 GC heap after
Heap after GC invocations=2 (full 0):
 PSYoungGen      total 57344K, used 6240K [0x0000000780780000, 0x0000000787780000, 0x00000007c0000000)
  eden space 49152K, 0% used [0x0000000780780000,0x0000000780780000,0x0000000783780000)
  from space 8192K, 76% used [0x0000000783f80000,0x0000000784598060,0x0000000784780000)
  to   space 8192K, 0% used [0x0000000783780000,0x0000000783780000,0x0000000783f80000)
 ParOldGen       total 131072K, used 224K [0x0000000701600000, 0x0000000709600000, 0x0000000780780000)
  object space 131072K, 0% used [0x0000000701600000,0x0000000701638020,0x0000000709600000)
 Metaspace       used 20047K, capacity 21222K, committed 21296K, reserved 1067008K
  class space    used 2933K, capacity 3166K, committed 3200K, reserved 1048576K
}
Event: 2.857 GC heap before
{Heap before GC invocations=3 (full 1):
 PSYoungGen      total 57344K, used 6240K [0x0000000780780000, 0x0000000787780000, 0x00000007c0000000)
  eden space 49152K, 0% used [0x0000000780780000,0x0000000780780000,0x0000000783780000)
  from space 8192K, 76% used [0x0000000783f80000,0x0000000784598060,0x0000000784780000)
  to   space 8192K, 0% used [0x0000000783780000,0x0000000783780000,0x0000000783f80000)
 ParOldGen       total 131072K, used 224K [0x0000000701600000, 0x0000000709600000, 0x0000000780780000)
  object space 131072K, 0% used [0x0000000701600000,0x0000000701638020,0x0000000709600000)
 Metaspace       used 20047K, capacity 21222K, committed 21296K, reserved 1067008K
  class space    used 2933K, capacity 3166K, committed 3200K, reserved 1048576K
Event: 2.896 GC heap after
Heap after GC invocations=3 (full 1):
 PSYoungGen      total 57344K, used 0K [0x0000000780780000, 0x0000000787780000, 0x00000007c0000000)
  eden space 49152K, 0% used [0x0000000780780000,0x0000000780780000,0x0000000783780000)
  from space 8192K, 0% used [0x0000000783f80000,0x0000000783f80000,0x0000000784780000)
  to   space 8192K, 0% used [0x0000000783780000,0x0000000783780000,0x0000000783f80000)
 ParOldGen       total 68608K, used 6274K [0x0000000701600000, 0x0000000705900000, 0x0000000780780000)
  object space 68608K, 9% used [0x0000000701600000,0x0000000701c20908,0x0000000705900000)
 Metaspace       used 20047K, capacity 21222K, committed 21296K, reserved 1067008K
  class space    used 2933K, capacity 3166K, committed 3200K, reserved 1048576K
}
Event: 5.392 GC heap before
{Heap before GC invocations=4 (full 1):
 PSYoungGen      total 57344K, used 49152K [0x0000000780780000, 0x0000000787780000, 0x00000007c0000000)
  eden space 49152K, 100% used [0x0000000780780000,0x0000000783780000,0x0000000783780000)
  from space 8192K, 0% used [0x0000000783f80000,0x0000000783f80000,0x0000000784780000)
  to   space 8192K, 0% used [0x0000000783780000,0x0000000783780000,0x0000000783f80000)
 ParOldGen       total 68608K, used 6274K [0x0000000701600000, 0x0000000705900000, 0x0000000780780000)
  object space 68608K, 9% used [0x0000000701600000,0x0000000701c20908,0x0000000705900000)
 Metaspace       used 23971K, capacity 25304K, committed 25472K, reserved 1071104K
  class space    used 3371K, capacity 3657K, committed 3712K, reserved 1048576K
Event: 5.397 GC heap after
Heap after GC invocations=4 (full 1):
 PSYoungGen      total 57344K, used 8165K [0x0000000780780000, 0x0000000786800000, 0x00000007c0000000)
  eden space 49152K, 0% used [0x0000000780780000,0x0000000780780000,0x0000000783780000)
  from space 8192K, 99% used [0x0000000783780000,0x0000000783f79668,0x0000000783f80000)
  to   space 8192K, 0% used [0x0000000786000000,0x0000000786000000,0x0000000786800000)
 ParOldGen       total 68608K, used 6309K [0x0000000701600000, 0x0000000705900000, 0x0000000780780000)
  object space 68608K, 9% used [0x0000000701600000,0x0000000701c29778,0x0000000705900000)
 Metaspace       used 23971K, capacity 25304K, committed 25472K, reserved 1071104K
  class space    used 3371K, capacity 3657K, committed 3712K, reserved 1048576K
}

