# JRE version: Java(TM) SE Runtime Environment (8.0_60-b27) (build 1.8.0_60-b27)
# Java VM: Java HotSpot(TM) 64-Bit Server VM (25.60-b23 mixed mode windows-amd64 compressed oops)
Heap:
 PSYoungGen      total 57344K, used 54302K [0x0000000780780000, 0x0000000786680000, 0x00000007c0000000)
  eden space 49152K, 93% used [0x0000000780780000,0x000000078348f710,0x0000000783780000)
  from space 8192K, 99% used [0x0000000783780000,0x0000000783f78120,0x0000000783f80000)
  to   space 8192K, 0% used [0x0000000785e80000,0x0000000785e80000,0x0000000786680000)
 ParOldGen       total 69632K, used 6299K [0x0000000701600000, 0x0000000705a00000, 0x0000000780780000)
  object space 69632K, 9% used [0x0000000701600000,0x0000000701c26e80,0x0000000705a00000)
 Metaspace       used 25003K, capacity 26438K, committed 26624K, reserved 1073152K
  class space    used 3407K, capacity 3714K, committed 3840K, reserved 1048576K
GC Heap History (8 events):
Event: 2.972 GC heap before
{Heap before GC invocations=1 (full 0):
 PSYoungGen      total 57344K, used 49152K [0x0000000780780000, 0x0000000784780000, 0x00000007c0000000)
  eden space 49152K, 100% used [0x0000000780780000,0x0000000783780000,0x0000000783780000)
  from space 8192K, 0% used [0x0000000783f80000,0x0000000783f80000,0x0000000784780000)
  to   space 8192K, 0% used [0x0000000783780000,0x0000000783780000,0x0000000783f80000)
 ParOldGen       total 131072K, used 0K [0x0000000701600000, 0x0000000709600000, 0x0000000780780000)
  object space 131072K, 0% used [0x0000000701600000,0x0000000701600000,0x0000000709600000)
 Metaspace       used 18791K, capacity 20030K, committed 20224K, reserved 1067008K
  class space    used 2763K, capacity 3008K, committed 3072K, reserved 1048576K
Event: 2.980 GC heap after
Heap after GC invocations=1 (full 0):
 PSYoungGen      total 57344K, used 6258K [0x0000000780780000, 0x0000000784780000, 0x00000007c0000000)
  eden space 49152K, 0% used [0x0000000780780000,0x0000000780780000,0x0000000783780000)
  from space 8192K, 76% used [0x0000000783780000,0x0000000783d9caf0,0x0000000783f80000)
  to   space 8192K, 0% used [0x0000000783f80000,0x0000000783f80000,0x0000000784780000)
 ParOldGen       total 131072K, used 88K [0x0000000701600000, 0x0000000709600000, 0x0000000780780000)
  object space 131072K, 0% used [0x0000000701600000,0x0000000701616010,0x0000000709600000)
 Metaspace       used 18791K, capacity 20030K, committed 20224K, reserved 1067008K
  class space    used 2763K, capacity 3008K, committed 3072K, reserved 1048576K
}
Event: 3.078 GC heap before
{Heap before GC invocations=2 (full 0):
 PSYoungGen      total 57344K, used 9570K [0x0000000780780000, 0x0000000784780000, 0x00000007c0000000)
  eden space 49152K, 6% used [0x0000000780780000,0x0000000780abbde8,0x0000000783780000)
  from space 8192K, 76% used [0x0000000783780000,0x0000000783d9caf0,0x0000000783f80000)
  to   space 8192K, 0% used [0x0000000783f80000,0x0000000783f80000,0x0000000784780000)
 ParOldGen       total 131072K, used 88K [0x0000000701600000, 0x0000000709600000, 0x0000000780780000)
  object space 131072K, 0% used [0x0000000701600000,0x0000000701616010,0x0000000709600000)
 Metaspace       used 19992K, capacity 21218K, committed 21296K, reserved 1067008K
  class space    used 2914K, capacity 3144K, committed 3200K, reserved 1048576K
Event: 3.085 GC heap after
Heap after GC invocations=2 (full 0):
 PSYoungGen      total 57344K, used 6226K [0x0000000780780000, 0x0000000787780000, 0x00000007c0000000)
  eden space 49152K, 0% used [0x0000000780780000,0x0000000780780000,0x0000000783780000)
  from space 8192K, 76% used [0x0000000783f80000,0x0000000784594ae0,0x0000000784780000)
  to   space 8192K, 0% used [0x0000000783780000,0x0000000783780000,0x0000000783f80000)
 ParOldGen       total 131072K, used 224K [0x0000000701600000, 0x0000000709600000, 0x0000000780780000)
  object space 131072K, 0% used [0x0000000701600000,0x0000000701638020,0x0000000709600000)
 Metaspace       used 19992K, capacity 21218K, committed 21296K, reserved 1067008K
  class space    used 2914K, capacity 3144K, committed 3200K, reserved 1048576K
}
Event: 3.086 GC heap before
{Heap before GC invocations=3 (full 1):
 PSYoungGen      total 57344K, used 6226K [0x0000000780780000, 0x0000000787780000, 0x00000007c0000000)
  eden space 49152K, 0% used [0x0000000780780000,0x0000000780780000,0x0000000783780000)
  from space 8192K, 76% used [0x0000000783f80000,0x0000000784594ae0,0x0000000784780000)
  to   space 8192K, 0% used [0x0000000783780000,0x0000000783780000,0x0000000783f80000)
 ParOldGen       total 131072K, used 224K [0x0000000701600000, 0x0000000709600000, 0x0000000780780000)
  object space 131072K, 0% used [0x0000000701600000,0x0000000701638020,0x0000000709600000)
 Metaspace       used 19992K, capacity 21218K, committed 21296K, reserved 1067008K
  class space    used 2914K, capacity 3144K, committed 3200K, reserved 1048576K
Event: 3.125 GC heap after
Heap after GC invocations=3 (full 1):
 PSYoungGen      total 57344K, used 0K [0x0000000780780000, 0x0000000787780000, 0x00000007c0000000)
  eden space 49152K, 0% used [0x0000000780780000,0x0000000780780000,0x0000000783780000)
  from space 8192K, 0% used [0x0000000783f80000,0x0000000783f80000,0x0000000784780000)
  to   space 8192K, 0% used [0x0000000783780000,0x0000000783780000,0x0000000783f80000)
 ParOldGen       total 69632K, used 6291K [0x0000000701600000, 0x0000000705a00000, 0x0000000780780000)
  object space 69632K, 9% used [0x0000000701600000,0x0000000701c24e80,0x0000000705a00000)
 Metaspace       used 19992K, capacity 21218K, committed 21296K, reserved 1067008K
  class space    used 2914K, capacity 3144K, committed 3200K, reserved 1048576K
}
Event: 5.227 GC heap before
{Heap before GC invocations=4 (full 1):
 PSYoungGen      total 57344K, used 49152K [0x0000000780780000, 0x0000000787780000, 0x00000007c0000000)
  eden space 49152K, 100% used [0x0000000780780000,0x0000000783780000,0x0000000783780000)
  from space 8192K, 0% used [0x0000000783f80000,0x0000000783f80000,0x0000000784780000)
  to   space 8192K, 0% used [0x0000000783780000,0x0000000783780000,0x0000000783f80000)
 ParOldGen       total 69632K, used 6291K [0x0000000701600000, 0x0000000705a00000, 0x0000000780780000)
  object space 69632K, 9% used [0x0000000701600000,0x0000000701c24e80,0x0000000705a00000)
 Metaspace       used 23725K, capacity 25048K, committed 25216K, reserved 1071104K
  class space    used 3321K, capacity 3593K, committed 3712K, reserved 1048576K
Event: 5.232 GC heap after
Heap after GC invocations=4 (full 1):
 PSYoungGen      total 57344K, used 8160K [0x0000000780780000, 0x0000000786680000, 0x00000007c0000000)
  eden space 49152K, 0% used [0x0000000780780000,0x0000000780780000,0x0000000783780000)
  from space 8192K, 99% used [0x0000000783780000,0x0000000783f78120,0x0000000783f80000)
  to   space 8192K, 0% used [0x0000000785e80000,0x0000000785e80000,0x0000000786680000)
 ParOldGen       total 69632K, used 6299K [0x0000000701600000, 0x0000000705a00000, 0x0000000780780000)
  object space 69632K, 9% used [0x0000000701600000,0x0000000701c26e80,0x0000000705a00000)
 Metaspace       used 23725K, capacity 25048K, committed 25216K, reserved 1071104K
  class space    used 3321K, capacity 3593K, committed 3712K, reserved 1048576K
}

