# JRE version: Java(TM) SE Runtime Environment (8.0_92-b14) (build 1.8.0_92-b14)
# Java VM: Java HotSpot(TM) 64-Bit Server VM (25.92-b14 mixed mode windows-amd64 compressed oops)
Heap:
 PSYoungGen      total 95232K, used 13718K [0x0000000780780000, 0x0000000786e80000, 0x00000007c0000000)
  eden space 87040K, 6% used [0x0000000780780000,0x0000000780ce6920,0x0000000785c80000)
  from space 8192K, 99% used [0x0000000786680000,0x0000000786e7f1a8,0x0000000786e80000)
  to   space 8192K, 0% used [0x0000000785e80000,0x0000000785e80000,0x0000000786680000)
 ParOldGen       total 62976K, used 13184K [0x0000000701600000, 0x0000000705380000, 0x0000000780780000)
  object space 62976K, 20% used [0x0000000701600000,0x00000007022e0248,0x0000000705380000)
 Metaspace       used 25335K, capacity 26706K, committed 26880K, reserved 1073152K
  class space    used 3476K, capacity 3754K, committed 3840K, reserved 1048576K
GC Heap History (10 events):
Event: 3.380 GC heap before
{Heap before GC invocations=1 (full 0):
 PSYoungGen      total 57344K, used 49152K [0x0000000780780000, 0x0000000784780000, 0x00000007c0000000)
  eden space 49152K, 100% used [0x0000000780780000,0x0000000783780000,0x0000000783780000)
  from space 8192K, 0% used [0x0000000783f80000,0x0000000783f80000,0x0000000784780000)
  to   space 8192K, 0% used [0x0000000783780000,0x0000000783780000,0x0000000783f80000)
 ParOldGen       total 131072K, used 0K [0x0000000701600000, 0x0000000709600000, 0x0000000780780000)
  object space 131072K, 0% used [0x0000000701600000,0x0000000701600000,0x0000000709600000)
 Metaspace       used 19045K, capacity 20230K, committed 20480K, reserved 1067008K
  class space    used 2818K, capacity 3054K, committed 3072K, reserved 1048576K
Event: 3.389 GC heap after
Heap after GC invocations=1 (full 0):
 PSYoungGen      total 57344K, used 6400K [0x0000000780780000, 0x0000000784780000, 0x00000007c0000000)
  eden space 49152K, 0% used [0x0000000780780000,0x0000000780780000,0x0000000783780000)
  from space 8192K, 78% used [0x0000000783780000,0x0000000783dc0050,0x0000000783f80000)
  to   space 8192K, 0% used [0x0000000783f80000,0x0000000783f80000,0x0000000784780000)
 ParOldGen       total 131072K, used 88K [0x0000000701600000, 0x0000000709600000, 0x0000000780780000)
  object space 131072K, 0% used [0x0000000701600000,0x0000000701616010,0x0000000709600000)
 Metaspace       used 19045K, capacity 20230K, committed 20480K, reserved 1067008K
  class space    used 2818K, capacity 3054K, committed 3072K, reserved 1048576K
}
Event: 3.441 GC heap before
{Heap before GC invocations=2 (full 0):
 PSYoungGen      total 57344K, used 8848K [0x0000000780780000, 0x0000000784780000, 0x00000007c0000000)
  eden space 49152K, 4% used [0x0000000780780000,0x00000007809e4008,0x0000000783780000)
  from space 8192K, 78% used [0x0000000783780000,0x0000000783dc0050,0x0000000783f80000)
  to   space 8192K, 0% used [0x0000000783f80000,0x0000000783f80000,0x0000000784780000)
 ParOldGen       total 131072K, used 88K [0x0000000701600000, 0x0000000709600000, 0x0000000780780000)
  object space 131072K, 0% used [0x0000000701600000,0x0000000701616010,0x0000000709600000)
 Metaspace       used 20011K, capacity 21204K, committed 21296K, reserved 1067008K
  class space    used 2930K, capacity 3163K, committed 3200K, reserved 1048576K
Event: 3.450 GC heap after
Heap after GC invocations=2 (full 0):
 PSYoungGen      total 57344K, used 6373K [0x0000000780780000, 0x0000000787780000, 0x00000007c0000000)
  eden space 49152K, 0% used [0x0000000780780000,0x0000000780780000,0x0000000783780000)
  from space 8192K, 77% used [0x0000000783f80000,0x00000007845b9550,0x0000000784780000)
  to   space 8192K, 0% used [0x0000000783780000,0x0000000783780000,0x0000000783f80000)
 ParOldGen       total 131072K, used 96K [0x0000000701600000, 0x0000000709600000, 0x0000000780780000)
  object space 131072K, 0% used [0x0000000701600000,0x0000000701618010,0x0000000709600000)
 Metaspace       used 20011K, capacity 21204K, committed 21296K, reserved 1067008K
  class space    used 2930K, capacity 3163K, committed 3200K, reserved 1048576K
}
Event: 3.450 GC heap before
{Heap before GC invocations=3 (full 1):
 PSYoungGen      total 57344K, used 6373K [0x0000000780780000, 0x0000000787780000, 0x00000007c0000000)
  eden space 49152K, 0% used [0x0000000780780000,0x0000000780780000,0x0000000783780000)
  from space 8192K, 77% used [0x0000000783f80000,0x00000007845b9550,0x0000000784780000)
  to   space 8192K, 0% used [0x0000000783780000,0x0000000783780000,0x0000000783f80000)
 ParOldGen       total 131072K, used 96K [0x0000000701600000, 0x0000000709600000, 0x0000000780780000)
  object space 131072K, 0% used [0x0000000701600000,0x0000000701618010,0x0000000709600000)
 Metaspace       used 20011K, capacity 21204K, committed 21296K, reserved 1067008K
  class space    used 2930K, capacity 3163K, committed 3200K, reserved 1048576K
Event: 3.483 GC heap after
Heap after GC invocations=3 (full 1):
 PSYoungGen      total 57344K, used 0K [0x0000000780780000, 0x0000000787780000, 0x00000007c0000000)
  eden space 49152K, 0% used [0x0000000780780000,0x0000000780780000,0x0000000783780000)
  from space 8192K, 0% used [0x0000000783f80000,0x0000000783f80000,0x0000000784780000)
  to   space 8192K, 0% used [0x0000000783780000,0x0000000783780000,0x0000000783f80000)
 ParOldGen       total 62976K, used 6261K [0x0000000701600000, 0x0000000705380000, 0x0000000780780000)
  object space 62976K, 9% used [0x0000000701600000,0x0000000701c1d7d0,0x0000000705380000)
 Metaspace       used 20011K, capacity 21204K, committed 21296K, reserved 1067008K
  class space    used 2930K, capacity 3163K, committed 3200K, reserved 1048576K
}
Event: 5.537 GC heap before
{Heap before GC invocations=4 (full 1):
 PSYoungGen      total 57344K, used 49152K [0x0000000780780000, 0x0000000787780000, 0x00000007c0000000)
  eden space 49152K, 100% used [0x0000000780780000,0x0000000783780000,0x0000000783780000)
  from space 8192K, 0% used [0x0000000783f80000,0x0000000783f80000,0x0000000784780000)
  to   space 8192K, 0% used [0x0000000783780000,0x0000000783780000,0x0000000783f80000)
 ParOldGen       total 62976K, used 6261K [0x0000000701600000, 0x0000000705380000, 0x0000000780780000)
  object space 62976K, 9% used [0x0000000701600000,0x0000000701c1d7d0,0x0000000705380000)
 Metaspace       used 23913K, capacity 25236K, committed 25472K, reserved 1071104K
  class space    used 3371K, capacity 3657K, committed 3712K, reserved 1048576K
Event: 5.543 GC heap after
Heap after GC invocations=4 (full 1):
 PSYoungGen      total 57344K, used 8182K [0x0000000780780000, 0x0000000786e80000, 0x00000007c0000000)
  eden space 49152K, 0% used [0x0000000780780000,0x0000000780780000,0x0000000783780000)
  from space 8192K, 99% used [0x0000000783780000,0x0000000783f7d9f0,0x0000000783f80000)
  to   space 8192K, 0% used [0x0000000786680000,0x0000000786680000,0x0000000786e80000)
 ParOldGen       total 62976K, used 8341K [0x0000000701600000, 0x0000000705380000, 0x0000000780780000)
  object space 62976K, 13% used [0x0000000701600000,0x0000000701e25688,0x0000000705380000)
 Metaspace       used 23913K, capacity 25236K, committed 25472K, reserved 1071104K
  class space    used 3371K, capacity 3657K, committed 3712K, reserved 1048576K
}
Event: 23.092 GC heap before
{Heap before GC invocations=5 (full 1):
 PSYoungGen      total 57344K, used 57334K [0x0000000780780000, 0x0000000786e80000, 0x00000007c0000000)
  eden space 49152K, 100% used [0x0000000780780000,0x0000000783780000,0x0000000783780000)
  from space 8192K, 99% used [0x0000000783780000,0x0000000783f7d9f0,0x0000000783f80000)
  to   space 8192K, 0% used [0x0000000786680000,0x0000000786680000,0x0000000786e80000)
 ParOldGen       total 62976K, used 8341K [0x0000000701600000, 0x0000000705380000, 0x0000000780780000)
  object space 62976K, 13% used [0x0000000701600000,0x0000000701e25688,0x0000000705380000)
 Metaspace       used 25327K, capacity 26706K, committed 26880K, reserved 1073152K
  class space    used 3476K, capacity 3754K, committed 3840K, reserved 1048576K
Event: 23.100 GC heap after
Heap after GC invocations=5 (full 1):
 PSYoungGen      total 95232K, used 8188K [0x0000000780780000, 0x0000000786e80000, 0x00000007c0000000)
  eden space 87040K, 0% used [0x0000000780780000,0x0000000780780000,0x0000000785c80000)
  from space 8192K, 99% used [0x0000000786680000,0x0000000786e7f1a8,0x0000000786e80000)
  to   space 8192K, 0% used [0x0000000785e80000,0x0000000785e80000,0x0000000786680000)
 ParOldGen       total 62976K, used 13184K [0x0000000701600000, 0x0000000705380000, 0x0000000780780000)
  object space 62976K, 20% used [0x0000000701600000,0x00000007022e0248,0x0000000705380000)
 Metaspace       used 25327K, capacity 26706K, committed 26880K, reserved 1073152K
  class space    used 3476K, capacity 3754K, committed 3840K, reserved 1048576K
}

