# JRE version: Java(TM) SE Runtime Environment (8.0_92-b14) (build 1.8.0_92-b14)
# Java VM: Java HotSpot(TM) 64-Bit Server VM (25.92-b14 mixed mode windows-amd64 compressed oops)
Heap:
 PSYoungGen      total 57344K, used 50801K [0x0000000780780000, 0x0000000786700000, 0x00000007c0000000)
  eden space 49152K, 86% used [0x0000000780780000,0x0000000783121b28,0x0000000783780000)
  from space 8192K, 99% used [0x0000000783780000,0x0000000783f7a910,0x0000000783f80000)
  to   space 8192K, 0% used [0x0000000785f00000,0x0000000785f00000,0x0000000786700000)
 ParOldGen       total 69120K, used 8327K [0x0000000701600000, 0x0000000705980000, 0x0000000780780000)
  object space 69120K, 12% used [0x0000000701600000,0x0000000701e21ca8,0x0000000705980000)
 Metaspace       used 25105K, capacity 26528K, committed 26624K, reserved 1073152K
  class space    used 3455K, capacity 3745K, committed 3840K, reserved 1048576K
GC Heap History (8 events):
Event: 1.611 GC heap before
{Heap before GC invocations=1 (full 0):
 PSYoungGen      total 57344K, used 49152K [0x0000000780780000, 0x0000000784780000, 0x00000007c0000000)
  eden space 49152K, 100% used [0x0000000780780000,0x0000000783780000,0x0000000783780000)
  from space 8192K, 0% used [0x0000000783f80000,0x0000000783f80000,0x0000000784780000)
  to   space 8192K, 0% used [0x0000000783780000,0x0000000783780000,0x0000000783f80000)
 ParOldGen       total 131072K, used 0K [0x0000000701600000, 0x0000000709600000, 0x0000000780780000)
  object space 131072K, 0% used [0x0000000701600000,0x0000000701600000,0x0000000709600000)
 Metaspace       used 19028K, capacity 20232K, committed 20480K, reserved 1067008K
  class space    used 2816K, capacity 3051K, committed 3072K, reserved 1048576K
Event: 1.619 GC heap after
Heap after GC invocations=1 (full 0):
 PSYoungGen      total 57344K, used 6338K [0x0000000780780000, 0x0000000784780000, 0x00000007c0000000)
  eden space 49152K, 0% used [0x0000000780780000,0x0000000780780000,0x0000000783780000)
  from space 8192K, 77% used [0x0000000783780000,0x0000000783db0ae0,0x0000000783f80000)
  to   space 8192K, 0% used [0x0000000783f80000,0x0000000783f80000,0x0000000784780000)
 ParOldGen       total 131072K, used 88K [0x0000000701600000, 0x0000000709600000, 0x0000000780780000)
  object space 131072K, 0% used [0x0000000701600000,0x0000000701616010,0x0000000709600000)
 Metaspace       used 19028K, capacity 20232K, committed 20480K, reserved 1067008K
  class space    used 2816K, capacity 3051K, committed 3072K, reserved 1048576K
}
Event: 1.662 GC heap before
{Heap before GC invocations=2 (full 0):
 PSYoungGen      total 57344K, used 8803K [0x0000000780780000, 0x0000000784780000, 0x00000007c0000000)
  eden space 49152K, 5% used [0x0000000780780000,0x00000007809e8120,0x0000000783780000)
  from space 8192K, 77% used [0x0000000783780000,0x0000000783db0ae0,0x0000000783f80000)
  to   space 8192K, 0% used [0x0000000783f80000,0x0000000783f80000,0x0000000784780000)
 ParOldGen       total 131072K, used 88K [0x0000000701600000, 0x0000000709600000, 0x0000000780780000)
  object space 131072K, 0% used [0x0000000701600000,0x0000000701616010,0x0000000709600000)
 Metaspace       used 20051K, capacity 21236K, committed 21296K, reserved 1067008K
  class space    used 2938K, capacity 3171K, committed 3200K, reserved 1048576K
Event: 1.669 GC heap after
Heap after GC invocations=2 (full 0):
 PSYoungGen      total 57344K, used 6176K [0x0000000780780000, 0x0000000787780000, 0x00000007c0000000)
  eden space 49152K, 0% used [0x0000000780780000,0x0000000780780000,0x0000000783780000)
  from space 8192K, 75% used [0x0000000783f80000,0x0000000784588060,0x0000000784780000)
  to   space 8192K, 0% used [0x0000000783780000,0x0000000783780000,0x0000000783f80000)
 ParOldGen       total 131072K, used 224K [0x0000000701600000, 0x0000000709600000, 0x0000000780780000)
  object space 131072K, 0% used [0x0000000701600000,0x0000000701638020,0x0000000709600000)
 Metaspace       used 20051K, capacity 21236K, committed 21296K, reserved 1067008K
  class space    used 2938K, capacity 3171K, committed 3200K, reserved 1048576K
}
Event: 1.669 GC heap before
{Heap before GC invocations=3 (full 1):
 PSYoungGen      total 57344K, used 6176K [0x0000000780780000, 0x0000000787780000, 0x00000007c0000000)
  eden space 49152K, 0% used [0x0000000780780000,0x0000000780780000,0x0000000783780000)
  from space 8192K, 75% used [0x0000000783f80000,0x0000000784588060,0x0000000784780000)
  to   space 8192K, 0% used [0x0000000783780000,0x0000000783780000,0x0000000783f80000)
 ParOldGen       total 131072K, used 224K [0x0000000701600000, 0x0000000709600000, 0x0000000780780000)
  object space 131072K, 0% used [0x0000000701600000,0x0000000701638020,0x0000000709600000)
 Metaspace       used 20051K, capacity 21236K, committed 21296K, reserved 1067008K
  class space    used 2938K, capacity 3171K, committed 3200K, reserved 1048576K
Event: 1.709 GC heap after
Heap after GC invocations=3 (full 1):
 PSYoungGen      total 57344K, used 0K [0x0000000780780000, 0x0000000787780000, 0x00000007c0000000)
  eden space 49152K, 0% used [0x0000000780780000,0x0000000780780000,0x0000000783780000)
  from space 8192K, 0% used [0x0000000783f80000,0x0000000783f80000,0x0000000784780000)
  to   space 8192K, 0% used [0x0000000783780000,0x0000000783780000,0x0000000783f80000)
 ParOldGen       total 69120K, used 6271K [0x0000000701600000, 0x0000000705980000, 0x0000000780780000)
  object space 69120K, 9% used [0x0000000701600000,0x0000000701c1fc98,0x0000000705980000)
 Metaspace       used 20051K, capacity 21236K, committed 21296K, reserved 1067008K
  class space    used 2938K, capacity 3171K, committed 3200K, reserved 1048576K
}
Event: 3.862 GC heap before
{Heap before GC invocations=4 (full 1):
 PSYoungGen      total 57344K, used 49152K [0x0000000780780000, 0x0000000787780000, 0x00000007c0000000)
  eden space 49152K, 100% used [0x0000000780780000,0x0000000783780000,0x0000000783780000)
  from space 8192K, 0% used [0x0000000783f80000,0x0000000783f80000,0x0000000784780000)
  to   space 8192K, 0% used [0x0000000783780000,0x0000000783780000,0x0000000783f80000)
 ParOldGen       total 69120K, used 6271K [0x0000000701600000, 0x0000000705980000, 0x0000000780780000)
  object space 69120K, 9% used [0x0000000701600000,0x0000000701c1fc98,0x0000000705980000)
 Metaspace       used 23939K, capacity 25244K, committed 25472K, reserved 1071104K
  class space    used 3372K, capacity 3657K, committed 3712K, reserved 1048576K
Event: 3.867 GC heap after
Heap after GC invocations=4 (full 1):
 PSYoungGen      total 57344K, used 8170K [0x0000000780780000, 0x0000000786700000, 0x00000007c0000000)
  eden space 49152K, 0% used [0x0000000780780000,0x0000000780780000,0x0000000783780000)
  from space 8192K, 99% used [0x0000000783780000,0x0000000783f7a910,0x0000000783f80000)
  to   space 8192K, 0% used [0x0000000785f00000,0x0000000785f00000,0x0000000786700000)
 ParOldGen       total 69120K, used 8327K [0x0000000701600000, 0x0000000705980000, 0x0000000780780000)
  object space 69120K, 12% used [0x0000000701600000,0x0000000701e21ca8,0x0000000705980000)
 Metaspace       used 23939K, capacity 25244K, committed 25472K, reserved 1071104K
  class space    used 3372K, capacity 3657K, committed 3712K, reserved 1048576K
}

