# JRE version: Java(TM) SE Runtime Environment (8.0_92-b14) (build 1.8.0_92-b14)
# Java VM: Java HotSpot(TM) 64-Bit Server VM (25.92-b14 mixed mode windows-amd64 compressed oops)
Heap:
 PSYoungGen      total 57344K, used 46200K [0x0000000780780000, 0x0000000786c00000, 0x00000007c0000000)
  eden space 49152K, 77% used [0x0000000780780000,0x0000000782c9e2c8,0x0000000783780000)
  from space 8192K, 99% used [0x0000000783780000,0x0000000783f7fe50,0x0000000783f80000)
  to   space 8192K, 0% used [0x0000000786400000,0x0000000786400000,0x0000000786c00000)
 ParOldGen       total 65024K, used 6282K [0x0000000701600000, 0x0000000705580000, 0x0000000780780000)
  object space 65024K, 9% used [0x0000000701600000,0x0000000701c22880,0x0000000705580000)
 Metaspace       used 25055K, capacity 26462K, committed 26624K, reserved 1073152K
  class space    used 3456K, capacity 3746K, committed 3840K, reserved 1048576K
GC Heap History (8 events):
Event: 2.875 GC heap before
{Heap before GC invocations=1 (full 0):
 PSYoungGen      total 57344K, used 49152K [0x0000000780780000, 0x0000000784780000, 0x00000007c0000000)
  eden space 49152K, 100% used [0x0000000780780000,0x0000000783780000,0x0000000783780000)
  from space 8192K, 0% used [0x0000000783f80000,0x0000000783f80000,0x0000000784780000)
  to   space 8192K, 0% used [0x0000000783780000,0x0000000783780000,0x0000000783f80000)
 ParOldGen       total 131072K, used 0K [0x0000000701600000, 0x0000000709600000, 0x0000000780780000)
  object space 131072K, 0% used [0x0000000701600000,0x0000000701600000,0x0000000709600000)
 Metaspace       used 19058K, capacity 20302K, committed 20480K, reserved 1067008K
  class space    used 2818K, capacity 3058K, committed 3072K, reserved 1048576K
Event: 2.883 GC heap after
Heap after GC invocations=1 (full 0):
 PSYoungGen      total 57344K, used 6354K [0x0000000780780000, 0x0000000784780000, 0x00000007c0000000)
  eden space 49152K, 0% used [0x0000000780780000,0x0000000780780000,0x0000000783780000)
  from space 8192K, 77% used [0x0000000783780000,0x0000000783db4ad0,0x0000000783f80000)
  to   space 8192K, 0% used [0x0000000783f80000,0x0000000783f80000,0x0000000784780000)
 ParOldGen       total 131072K, used 88K [0x0000000701600000, 0x0000000709600000, 0x0000000780780000)
  object space 131072K, 0% used [0x0000000701600000,0x0000000701616010,0x0000000709600000)
 Metaspace       used 19058K, capacity 20302K, committed 20480K, reserved 1067008K
  class space    used 2818K, capacity 3058K, committed 3072K, reserved 1048576K
}
Event: 2.950 GC heap before
{Heap before GC invocations=2 (full 0):
 PSYoungGen      total 57344K, used 8812K [0x0000000780780000, 0x0000000784780000, 0x00000007c0000000)
  eden space 49152K, 5% used [0x0000000780780000,0x00000007809e6758,0x0000000783780000)
  from space 8192K, 77% used [0x0000000783780000,0x0000000783db4ad0,0x0000000783f80000)
  to   space 8192K, 0% used [0x0000000783f80000,0x0000000783f80000,0x0000000784780000)
 ParOldGen       total 131072K, used 88K [0x0000000701600000, 0x0000000709600000, 0x0000000780780000)
  object space 131072K, 0% used [0x0000000701600000,0x0000000701616010,0x0000000709600000)
 Metaspace       used 20003K, capacity 21234K, committed 21296K, reserved 1067008K
  class space    used 2940K, capacity 3174K, committed 3200K, reserved 1048576K
Event: 2.958 GC heap after
Heap after GC invocations=2 (full 0):
 PSYoungGen      total 57344K, used 6416K [0x0000000780780000, 0x0000000787780000, 0x00000007c0000000)
  eden space 49152K, 0% used [0x0000000780780000,0x0000000780780000,0x0000000783780000)
  from space 8192K, 78% used [0x0000000783f80000,0x00000007845c4060,0x0000000784780000)
  to   space 8192K, 0% used [0x0000000783780000,0x0000000783780000,0x0000000783f80000)
 ParOldGen       total 131072K, used 96K [0x0000000701600000, 0x0000000709600000, 0x0000000780780000)
  object space 131072K, 0% used [0x0000000701600000,0x0000000701618010,0x0000000709600000)
 Metaspace       used 20003K, capacity 21234K, committed 21296K, reserved 1067008K
  class space    used 2940K, capacity 3174K, committed 3200K, reserved 1048576K
}
Event: 2.958 GC heap before
{Heap before GC invocations=3 (full 1):
 PSYoungGen      total 57344K, used 6416K [0x0000000780780000, 0x0000000787780000, 0x00000007c0000000)
  eden space 49152K, 0% used [0x0000000780780000,0x0000000780780000,0x0000000783780000)
  from space 8192K, 78% used [0x0000000783f80000,0x00000007845c4060,0x0000000784780000)
  to   space 8192K, 0% used [0x0000000783780000,0x0000000783780000,0x0000000783f80000)
 ParOldGen       total 131072K, used 96K [0x0000000701600000, 0x0000000709600000, 0x0000000780780000)
  object space 131072K, 0% used [0x0000000701600000,0x0000000701618010,0x0000000709600000)
 Metaspace       used 20003K, capacity 21234K, committed 21296K, reserved 1067008K
  class space    used 2940K, capacity 3174K, committed 3200K, reserved 1048576K
Event: 2.992 GC heap after
Heap after GC invocations=3 (full 1):
 PSYoungGen      total 57344K, used 0K [0x0000000780780000, 0x0000000787780000, 0x00000007c0000000)
  eden space 49152K, 0% used [0x0000000780780000,0x0000000780780000,0x0000000783780000)
  from space 8192K, 0% used [0x0000000783f80000,0x0000000783f80000,0x0000000784780000)
  to   space 8192K, 0% used [0x0000000783780000,0x0000000783780000,0x0000000783f80000)
 ParOldGen       total 65024K, used 6274K [0x0000000701600000, 0x0000000705580000, 0x0000000780780000)
  object space 65024K, 9% used [0x0000000701600000,0x0000000701c20880,0x0000000705580000)
 Metaspace       used 20003K, capacity 21234K, committed 21296K, reserved 1067008K
  class space    used 2940K, capacity 3174K, committed 3200K, reserved 1048576K
}
Event: 5.153 GC heap before
{Heap before GC invocations=4 (full 1):
 PSYoungGen      total 57344K, used 49152K [0x0000000780780000, 0x0000000787780000, 0x00000007c0000000)
  eden space 49152K, 100% used [0x0000000780780000,0x0000000783780000,0x0000000783780000)
  from space 8192K, 0% used [0x0000000783f80000,0x0000000783f80000,0x0000000784780000)
  to   space 8192K, 0% used [0x0000000783780000,0x0000000783780000,0x0000000783f80000)
 ParOldGen       total 65024K, used 6274K [0x0000000701600000, 0x0000000705580000, 0x0000000780780000)
  object space 65024K, 9% used [0x0000000701600000,0x0000000701c20880,0x0000000705580000)
 Metaspace       used 23926K, capacity 25236K, committed 25472K, reserved 1071104K
  class space    used 3371K, capacity 3657K, committed 3712K, reserved 1048576K
Event: 5.158 GC heap after
Heap after GC invocations=4 (full 1):
 PSYoungGen      total 57344K, used 8191K [0x0000000780780000, 0x0000000786c00000, 0x00000007c0000000)
  eden space 49152K, 0% used [0x0000000780780000,0x0000000780780000,0x0000000783780000)
  from space 8192K, 99% used [0x0000000783780000,0x0000000783f7fe50,0x0000000783f80000)
  to   space 8192K, 0% used [0x0000000786400000,0x0000000786400000,0x0000000786c00000)
 ParOldGen       total 65024K, used 6282K [0x0000000701600000, 0x0000000705580000, 0x0000000780780000)
  object space 65024K, 9% used [0x0000000701600000,0x0000000701c22880,0x0000000705580000)
 Metaspace       used 23926K, capacity 25236K, committed 25472K, reserved 1071104K
  class space    used 3371K, capacity 3657K, committed 3712K, reserved 1048576K
}

