# JRE version: Java(TM) SE Runtime Environment (8.0_60-b27) (build 1.8.0_60-b27)
# Java VM: Java HotSpot(TM) 64-Bit Server VM (25.60-b23 mixed mode windows-amd64 compressed oops)
Heap:
 PSYoungGen      total 91136K, used 11715K [0x0000000780780000, 0x0000000786b00000, 0x00000007c0000000)
  eden space 82944K, 4% used [0x0000000780780000,0x0000000780af1498,0x0000000785880000)
  from space 8192K, 99% used [0x0000000786300000,0x0000000786aff930,0x0000000786b00000)
  to   space 8192K, 0% used [0x0000000785b00000,0x0000000785b00000,0x0000000786300000)
 ParOldGen       total 65536K, used 14820K [0x0000000701600000, 0x0000000705600000, 0x0000000780780000)
  object space 65536K, 22% used [0x0000000701600000,0x0000000702479250,0x0000000705600000)
 Metaspace       used 25253K, capacity 26690K, committed 26880K, reserved 1073152K
  class space    used 3427K, capacity 3724K, committed 3840K, reserved 1048576K
GC Heap History (10 events):
Event: 3.108 GC heap before
{Heap before GC invocations=1 (full 0):
 PSYoungGen      total 57344K, used 49152K [0x0000000780780000, 0x0000000784780000, 0x00000007c0000000)
  eden space 49152K, 100% used [0x0000000780780000,0x0000000783780000,0x0000000783780000)
  from space 8192K, 0% used [0x0000000783f80000,0x0000000783f80000,0x0000000784780000)
  to   space 8192K, 0% used [0x0000000783780000,0x0000000783780000,0x0000000783f80000)
 ParOldGen       total 131072K, used 0K [0x0000000701600000, 0x0000000709600000, 0x0000000780780000)
  object space 131072K, 0% used [0x0000000701600000,0x0000000701600000,0x0000000709600000)
 Metaspace       used 18839K, capacity 20042K, committed 20224K, reserved 1067008K
  class space    used 2767K, capacity 3012K, committed 3072K, reserved 1048576K
Event: 3.117 GC heap after
Heap after GC invocations=1 (full 0):
 PSYoungGen      total 57344K, used 6288K [0x0000000780780000, 0x0000000784780000, 0x00000007c0000000)
  eden space 49152K, 0% used [0x0000000780780000,0x0000000780780000,0x0000000783780000)
  from space 8192K, 76% used [0x0000000783780000,0x0000000783da4060,0x0000000783f80000)
  to   space 8192K, 0% used [0x0000000783f80000,0x0000000783f80000,0x0000000784780000)
 ParOldGen       total 131072K, used 88K [0x0000000701600000, 0x0000000709600000, 0x0000000780780000)
  object space 131072K, 0% used [0x0000000701600000,0x0000000701616010,0x0000000709600000)
 Metaspace       used 18839K, capacity 20042K, committed 20224K, reserved 1067008K
  class space    used 2767K, capacity 3012K, committed 3072K, reserved 1048576K
}
Event: 3.188 GC heap before
{Heap before GC invocations=2 (full 0):
 PSYoungGen      total 57344K, used 9617K [0x0000000780780000, 0x0000000784780000, 0x00000007c0000000)
  eden space 49152K, 6% used [0x0000000780780000,0x0000000780ac05b8,0x0000000783780000)
  from space 8192K, 76% used [0x0000000783780000,0x0000000783da4060,0x0000000783f80000)
  to   space 8192K, 0% used [0x0000000783f80000,0x0000000783f80000,0x0000000784780000)
 ParOldGen       total 131072K, used 88K [0x0000000701600000, 0x0000000709600000, 0x0000000780780000)
  object space 131072K, 0% used [0x0000000701600000,0x0000000701616010,0x0000000709600000)
 Metaspace       used 20040K, capacity 21204K, committed 21296K, reserved 1067008K
  class space    used 2917K, capacity 3141K, committed 3200K, reserved 1048576K
Event: 3.198 GC heap after
Heap after GC invocations=2 (full 0):
 PSYoungGen      total 57344K, used 6258K [0x0000000780780000, 0x0000000787780000, 0x00000007c0000000)
  eden space 49152K, 0% used [0x0000000780780000,0x0000000780780000,0x0000000783780000)
  from space 8192K, 76% used [0x0000000783f80000,0x000000078459cac0,0x0000000784780000)
  to   space 8192K, 0% used [0x0000000783780000,0x0000000783780000,0x0000000783f80000)
 ParOldGen       total 131072K, used 224K [0x0000000701600000, 0x0000000709600000, 0x0000000780780000)
  object space 131072K, 0% used [0x0000000701600000,0x0000000701638020,0x0000000709600000)
 Metaspace       used 20040K, capacity 21204K, committed 21296K, reserved 1067008K
  class space    used 2917K, capacity 3141K, committed 3200K, reserved 1048576K
}
Event: 3.198 GC heap before
{Heap before GC invocations=3 (full 1):
 PSYoungGen      total 57344K, used 6258K [0x0000000780780000, 0x0000000787780000, 0x00000007c0000000)
  eden space 49152K, 0% used [0x0000000780780000,0x0000000780780000,0x0000000783780000)
  from space 8192K, 76% used [0x0000000783f80000,0x000000078459cac0,0x0000000784780000)
  to   space 8192K, 0% used [0x0000000783780000,0x0000000783780000,0x0000000783f80000)
 ParOldGen       total 131072K, used 224K [0x0000000701600000, 0x0000000709600000, 0x0000000780780000)
  object space 131072K, 0% used [0x0000000701600000,0x0000000701638020,0x0000000709600000)
 Metaspace       used 20040K, capacity 21204K, committed 21296K, reserved 1067008K
  class space    used 2917K, capacity 3141K, committed 3200K, reserved 1048576K
Event: 3.243 GC heap after
Heap after GC invocations=3 (full 1):
 PSYoungGen      total 57344K, used 0K [0x0000000780780000, 0x0000000787780000, 0x00000007c0000000)
  eden space 49152K, 0% used [0x0000000780780000,0x0000000780780000,0x0000000783780000)
  from space 8192K, 0% used [0x0000000783f80000,0x0000000783f80000,0x0000000784780000)
  to   space 8192K, 0% used [0x0000000783780000,0x0000000783780000,0x0000000783f80000)
 ParOldGen       total 65536K, used 6291K [0x0000000701600000, 0x0000000705600000, 0x0000000780780000)
  object space 65536K, 9% used [0x0000000701600000,0x0000000701c24db0,0x0000000705600000)
 Metaspace       used 20040K, capacity 21204K, committed 21296K, reserved 1067008K
  class space    used 2917K, capacity 3141K, committed 3200K, reserved 1048576K
}
Event: 5.809 GC heap before
{Heap before GC invocations=4 (full 1):
 PSYoungGen      total 57344K, used 49152K [0x0000000780780000, 0x0000000787780000, 0x00000007c0000000)
  eden space 49152K, 100% used [0x0000000780780000,0x0000000783780000,0x0000000783780000)
  from space 8192K, 0% used [0x0000000783f80000,0x0000000783f80000,0x0000000784780000)
  to   space 8192K, 0% used [0x0000000783780000,0x0000000783780000,0x0000000783f80000)
 ParOldGen       total 65536K, used 6291K [0x0000000701600000, 0x0000000705600000, 0x0000000780780000)
  object space 65536K, 9% used [0x0000000701600000,0x0000000701c24db0,0x0000000705600000)
 Metaspace       used 23746K, capacity 25048K, committed 25216K, reserved 1071104K
  class space    used 3323K, capacity 3593K, committed 3712K, reserved 1048576K
Event: 5.815 GC heap after
Heap after GC invocations=4 (full 1):
 PSYoungGen      total 57344K, used 8084K [0x0000000780780000, 0x0000000786b00000, 0x00000007c0000000)
  eden space 49152K, 0% used [0x0000000780780000,0x0000000780780000,0x0000000783780000)
  from space 8192K, 98% used [0x0000000783780000,0x0000000783f653b8,0x0000000783f80000)
  to   space 8192K, 0% used [0x0000000786300000,0x0000000786300000,0x0000000786b00000)
 ParOldGen       total 65536K, used 8347K [0x0000000701600000, 0x0000000705600000, 0x0000000780780000)
  object space 65536K, 12% used [0x0000000701600000,0x0000000701e26dc0,0x0000000705600000)
 Metaspace       used 23746K, capacity 25048K, committed 25216K, reserved 1071104K
  class space    used 3323K, capacity 3593K, committed 3712K, reserved 1048576K
}
Event: 124.268 GC heap before
{Heap before GC invocations=5 (full 1):
 PSYoungGen      total 57344K, used 57236K [0x0000000780780000, 0x0000000786b00000, 0x00000007c0000000)
  eden space 49152K, 100% used [0x0000000780780000,0x0000000783780000,0x0000000783780000)
  from space 8192K, 98% used [0x0000000783780000,0x0000000783f653b8,0x0000000783f80000)
  to   space 8192K, 0% used [0x0000000786300000,0x0000000786300000,0x0000000786b00000)
 ParOldGen       total 65536K, used 8347K [0x0000000701600000, 0x0000000705600000, 0x0000000780780000)
  object space 65536K, 12% used [0x0000000701600000,0x0000000701e26dc0,0x0000000705600000)
 Metaspace       used 25234K, capacity 26690K, committed 26880K, reserved 1073152K
  class space    used 3427K, capacity 3724K, committed 3840K, reserved 1048576K
Event: 124.275 GC heap after
Heap after GC invocations=5 (full 1):
 PSYoungGen      total 91136K, used 8190K [0x0000000780780000, 0x0000000786b00000, 0x00000007c0000000)
  eden space 82944K, 0% used [0x0000000780780000,0x0000000780780000,0x0000000785880000)
  from space 8192K, 99% used [0x0000000786300000,0x0000000786aff930,0x0000000786b00000)
  to   space 8192K, 0% used [0x0000000785b00000,0x0000000785b00000,0x0000000786300000)
 ParOldGen       total 65536K, used 14820K [0x0000000701600000, 0x0000000705600000, 0x0000000780780000)
  object space 65536K, 22% used [0x0000000701600000,0x0000000702479250,0x0000000705600000)
 Metaspace       used 25234K, capacity 26690K, committed 26880K, reserved 1073152K
  class space    used 3427K, capacity 3724K, committed 3840K, reserved 1048576K
}

