# JRE version: Java(TM) SE Runtime Environment (8.0_92-b14) (build 1.8.0_92-b14)
# Java VM: Java HotSpot(TM) 64-Bit Server VM (25.92-b14 mixed mode windows-amd64 compressed oops)
Heap:
 PSYoungGen      total 106496K, used 22927K [0x0000000780780000, 0x000000078ba00000, 0x00000007c0000000)
  eden space 98304K, 15% used [0x0000000780780000,0x00000007815e9418,0x0000000786780000)
  from space 8192K, 99% used [0x0000000786780000,0x0000000786f7ab60,0x0000000786f80000)
  to   space 8192K, 0% used [0x000000078b200000,0x000000078b200000,0x000000078ba00000)
 ParOldGen       total 67584K, used 11466K [0x0000000701600000, 0x0000000705800000, 0x0000000780780000)
  object space 67584K, 16% used [0x0000000701600000,0x0000000702132838,0x0000000705800000)
 Metaspace       used 25194K, capacity 26538K, committed 26880K, reserved 1073152K
  class space    used 3456K, capacity 3748K, committed 3840K, reserved 1048576K
GC Heap History (8 events):
Event: 1.742 GC heap before
{Heap before GC invocations=1 (full 0):
 PSYoungGen      total 57344K, used 49152K [0x0000000780780000, 0x0000000784780000, 0x00000007c0000000)
  eden space 49152K, 100% used [0x0000000780780000,0x0000000783780000,0x0000000783780000)
  from space 8192K, 0% used [0x0000000783f80000,0x0000000783f80000,0x0000000784780000)
  to   space 8192K, 0% used [0x0000000783780000,0x0000000783780000,0x0000000783f80000)
 ParOldGen       total 131072K, used 0K [0x0000000701600000, 0x0000000709600000, 0x0000000780780000)
  object space 131072K, 0% used [0x0000000701600000,0x0000000701600000,0x0000000709600000)
 Metaspace       used 19119K, capacity 20328K, committed 20480K, reserved 1067008K
  class space    used 2832K, capacity 3065K, committed 3072K, reserved 1048576K
Event: 1.764 GC heap after
Heap after GC invocations=1 (full 0):
 PSYoungGen      total 57344K, used 6453K [0x0000000780780000, 0x0000000787780000, 0x00000007c0000000)
  eden space 49152K, 0% used [0x0000000780780000,0x0000000780780000,0x0000000783780000)
  from space 8192K, 78% used [0x0000000783780000,0x0000000783dcd560,0x0000000783f80000)
  to   space 8192K, 0% used [0x0000000786f80000,0x0000000786f80000,0x0000000787780000)
 ParOldGen       total 131072K, used 80K [0x0000000701600000, 0x0000000709600000, 0x0000000780780000)
  object space 131072K, 0% used [0x0000000701600000,0x0000000701614010,0x0000000709600000)
 Metaspace       used 19119K, capacity 20328K, committed 20480K, reserved 1067008K
  class space    used 2832K, capacity 3065K, committed 3072K, reserved 1048576K
}
Event: 1.821 GC heap before
{Heap before GC invocations=2 (full 0):
 PSYoungGen      total 57344K, used 9292K [0x0000000780780000, 0x0000000787780000, 0x00000007c0000000)
  eden space 49152K, 5% used [0x0000000780780000,0x0000000780a45cd8,0x0000000783780000)
  from space 8192K, 78% used [0x0000000783780000,0x0000000783dcd560,0x0000000783f80000)
  to   space 8192K, 0% used [0x0000000786f80000,0x0000000786f80000,0x0000000787780000)
 ParOldGen       total 131072K, used 80K [0x0000000701600000, 0x0000000709600000, 0x0000000780780000)
  object space 131072K, 0% used [0x0000000701600000,0x0000000701614010,0x0000000709600000)
 Metaspace       used 20049K, capacity 21220K, committed 21296K, reserved 1067008K
  class space    used 2934K, capacity 3171K, committed 3200K, reserved 1048576K
Event: 1.831 GC heap after
Heap after GC invocations=2 (full 0):
 PSYoungGen      total 106496K, used 6293K [0x0000000780780000, 0x0000000787780000, 0x00000007c0000000)
  eden space 98304K, 0% used [0x0000000780780000,0x0000000780780000,0x0000000786780000)
  from space 8192K, 76% used [0x0000000786f80000,0x00000007875a5560,0x0000000787780000)
  to   space 8192K, 0% used [0x0000000786780000,0x0000000786780000,0x0000000786f80000)
 ParOldGen       total 131072K, used 88K [0x0000000701600000, 0x0000000709600000, 0x0000000780780000)
  object space 131072K, 0% used [0x0000000701600000,0x0000000701616010,0x0000000709600000)
 Metaspace       used 20049K, capacity 21220K, committed 21296K, reserved 1067008K
  class space    used 2934K, capacity 3171K, committed 3200K, reserved 1048576K
}
Event: 1.831 GC heap before
{Heap before GC invocations=3 (full 1):
 PSYoungGen      total 106496K, used 6293K [0x0000000780780000, 0x0000000787780000, 0x00000007c0000000)
  eden space 98304K, 0% used [0x0000000780780000,0x0000000780780000,0x0000000786780000)
  from space 8192K, 76% used [0x0000000786f80000,0x00000007875a5560,0x0000000787780000)
  to   space 8192K, 0% used [0x0000000786780000,0x0000000786780000,0x0000000786f80000)
 ParOldGen       total 131072K, used 88K [0x0000000701600000, 0x0000000709600000, 0x0000000780780000)
  object space 131072K, 0% used [0x0000000701600000,0x0000000701616010,0x0000000709600000)
 Metaspace       used 20049K, capacity 21220K, committed 21296K, reserved 1067008K
  class space    used 2934K, capacity 3171K, committed 3200K, reserved 1048576K
Event: 1.876 GC heap after
Heap after GC invocations=3 (full 1):
 PSYoungGen      total 106496K, used 0K [0x0000000780780000, 0x0000000787780000, 0x00000007c0000000)
  eden space 98304K, 0% used [0x0000000780780000,0x0000000780780000,0x0000000786780000)
  from space 8192K, 0% used [0x0000000786f80000,0x0000000786f80000,0x0000000787780000)
  to   space 8192K, 0% used [0x0000000786780000,0x0000000786780000,0x0000000786f80000)
 ParOldGen       total 67584K, used 6271K [0x0000000701600000, 0x0000000705800000, 0x0000000780780000)
  object space 67584K, 9% used [0x0000000701600000,0x0000000701c1fdd0,0x0000000705800000)
 Metaspace       used 20049K, capacity 21220K, committed 21296K, reserved 1067008K
  class space    used 2934K, capacity 3171K, committed 3200K, reserved 1048576K
}
Event: 5.065 GC heap before
{Heap before GC invocations=4 (full 1):
 PSYoungGen      total 106496K, used 98304K [0x0000000780780000, 0x0000000787780000, 0x00000007c0000000)
  eden space 98304K, 100% used [0x0000000780780000,0x0000000786780000,0x0000000786780000)
  from space 8192K, 0% used [0x0000000786f80000,0x0000000786f80000,0x0000000787780000)
  to   space 8192K, 0% used [0x0000000786780000,0x0000000786780000,0x0000000786f80000)
 ParOldGen       total 67584K, used 6271K [0x0000000701600000, 0x0000000705800000, 0x0000000780780000)
  object space 67584K, 9% used [0x0000000701600000,0x0000000701c1fdd0,0x0000000705800000)
 Metaspace       used 24800K, capacity 26198K, committed 26368K, reserved 1071104K
  class space    used 3443K, capacity 3746K, committed 3840K, reserved 1048576K
Event: 5.073 GC heap after
Heap after GC invocations=4 (full 1):
 PSYoungGen      total 106496K, used 8170K [0x0000000780780000, 0x000000078ba00000, 0x00000007c0000000)
  eden space 98304K, 0% used [0x0000000780780000,0x0000000780780000,0x0000000786780000)
  from space 8192K, 99% used [0x0000000786780000,0x0000000786f7ab60,0x0000000786f80000)
  to   space 8192K, 0% used [0x000000078b200000,0x000000078b200000,0x000000078ba00000)
 ParOldGen       total 67584K, used 11466K [0x0000000701600000, 0x0000000705800000, 0x0000000780780000)
  object space 67584K, 16% used [0x0000000701600000,0x0000000702132838,0x0000000705800000)
 Metaspace       used 24800K, capacity 26198K, committed 26368K, reserved 1071104K
  class space    used 3443K, capacity 3746K, committed 3840K, reserved 1048576K
}

