# JRE version: Java(TM) SE Runtime Environment (8.0_60-b27) (build 1.8.0_60-b27)
# Java VM: Java HotSpot(TM) 64-Bit Server VM (25.60-b23 mixed mode windows-amd64 compressed oops)
Heap:
 PSYoungGen      total 372736K, used 53290K [0x0000000780780000, 0x000000079e280000, 0x00000007c0000000)
  eden space 333824K, 10% used [0x0000000780780000,0x0000000782911c98,0x0000000794d80000)
  from space 38912K, 48% used [0x0000000794d80000,0x0000000795ff8de0,0x0000000797380000)
  to   space 36864K, 0% used [0x000000079be80000,0x000000079be80000,0x000000079e280000)
 ParOldGen       total 97792K, used 56199K [0x0000000701600000, 0x0000000707580000, 0x0000000780780000)
  object space 97792K, 57% used [0x0000000701600000,0x0000000704ce1cc8,0x0000000707580000)
 Metaspace       used 25942K, capacity 27406K, committed 27520K, reserved 1073152K
  class space    used 3437K, capacity 3711K, committed 3712K, reserved 1048576K
GC Heap History (10 events):
Event: 26.980 GC heap before
{Heap before GC invocations=8 (full 1):
 PSYoungGen      total 183296K, used 176661K [0x0000000780780000, 0x000000078d800000, 0x00000007c0000000)
  eden space 166400K, 100% used [0x0000000780780000,0x000000078aa00000,0x000000078aa00000)
  from space 16896K, 60% used [0x000000078c780000,0x000000078d185490,0x000000078d800000)
  to   space 23552K, 0% used [0x000000078aa00000,0x000000078aa00000,0x000000078c100000)
 ParOldGen       total 97792K, used 19269K [0x0000000701600000, 0x0000000707580000, 0x0000000780780000)
  object space 97792K, 19% used [0x0000000701600000,0x00000007028d1720,0x0000000707580000)
 Metaspace       used 23653K, capacity 24972K, committed 25088K, reserved 1071104K
  class space    used 3303K, capacity 3524K, committed 3584K, reserved 1048576K
Event: 26.999 GC heap after
Heap after GC invocations=8 (full 1):
 PSYoungGen      total 189952K, used 17648K [0x0000000780780000, 0x0000000794080000, 0x00000007c0000000)
  eden space 166400K, 0% used [0x0000000780780000,0x0000000780780000,0x000000078aa00000)
  from space 23552K, 74% used [0x000000078aa00000,0x000000078bb3c290,0x000000078c100000)
  to   space 24576K, 0% used [0x0000000792880000,0x0000000792880000,0x0000000794080000)
 ParOldGen       total 97792K, used 19277K [0x0000000701600000, 0x0000000707580000, 0x0000000780780000)
  object space 97792K, 19% used [0x0000000701600000,0x00000007028d3720,0x0000000707580000)
 Metaspace       used 23653K, capacity 24972K, committed 25088K, reserved 1071104K
  class space    used 3303K, capacity 3524K, committed 3584K, reserved 1048576K
}
Event: 37.467 GC heap before
{Heap before GC invocations=9 (full 1):
 PSYoungGen      total 189952K, used 184048K [0x0000000780780000, 0x0000000794080000, 0x00000007c0000000)
  eden space 166400K, 100% used [0x0000000780780000,0x000000078aa00000,0x000000078aa00000)
  from space 23552K, 74% used [0x000000078aa00000,0x000000078bb3c290,0x000000078c100000)
  to   space 24576K, 0% used [0x0000000792880000,0x0000000792880000,0x0000000794080000)
 ParOldGen       total 97792K, used 19277K [0x0000000701600000, 0x0000000707580000, 0x0000000780780000)
  object space 97792K, 19% used [0x0000000701600000,0x00000007028d3720,0x0000000707580000)
 Metaspace       used 23653K, capacity 24972K, committed 25088K, reserved 1071104K
  class space    used 3303K, capacity 3524K, committed 3584K, reserved 1048576K
Event: 37.493 GC heap after
Heap after GC invocations=9 (full 1):
 PSYoungGen      total 285696K, used 24569K [0x0000000780780000, 0x0000000794080000, 0x00000007c0000000)
  eden space 261120K, 0% used [0x0000000780780000,0x0000000780780000,0x0000000790680000)
  from space 24576K, 99% used [0x0000000792880000,0x000000079407e738,0x0000000794080000)
  to   space 28160K, 0% used [0x0000000790980000,0x0000000790980000,0x0000000792500000)
 ParOldGen       total 97792K, used 19357K [0x0000000701600000, 0x0000000707580000, 0x0000000780780000)
  object space 97792K, 19% used [0x0000000701600000,0x00000007028e7720,0x0000000707580000)
 Metaspace       used 23653K, capacity 24972K, committed 25088K, reserved 1071104K
  class space    used 3303K, capacity 3524K, committed 3584K, reserved 1048576K
}
Event: 54.125 GC heap before
{Heap before GC invocations=10 (full 1):
 PSYoungGen      total 285696K, used 285689K [0x0000000780780000, 0x0000000794080000, 0x00000007c0000000)
  eden space 261120K, 100% used [0x0000000780780000,0x0000000790680000,0x0000000790680000)
  from space 24576K, 99% used [0x0000000792880000,0x000000079407e738,0x0000000794080000)
  to   space 28160K, 0% used [0x0000000790980000,0x0000000790980000,0x0000000792500000)
 ParOldGen       total 97792K, used 19357K [0x0000000701600000, 0x0000000707580000, 0x0000000780780000)
  object space 97792K, 19% used [0x0000000701600000,0x00000007028e7720,0x0000000707580000)
 Metaspace       used 23653K, capacity 24972K, committed 25088K, reserved 1071104K
  class space    used 3303K, capacity 3524K, committed 3584K, reserved 1048576K
Event: 54.164 GC heap after
Heap after GC invocations=10 (full 1):
 PSYoungGen      total 292352K, used 26745K [0x0000000780780000, 0x0000000799280000, 0x00000007c0000000)
  eden space 264192K, 0% used [0x0000000780780000,0x0000000780780000,0x0000000790980000)
  from space 28160K, 94% used [0x0000000790980000,0x000000079239e540,0x0000000792500000)
  to   space 31744K, 0% used [0x0000000797380000,0x0000000797380000,0x0000000799280000)
 ParOldGen       total 97792K, used 29141K [0x0000000701600000, 0x0000000707580000, 0x0000000780780000)
  object space 97792K, 29% used [0x0000000701600000,0x0000000703275768,0x0000000707580000)
 Metaspace       used 23653K, capacity 24972K, committed 25088K, reserved 1071104K
  class space    used 3303K, capacity 3524K, committed 3584K, reserved 1048576K
}
Event: 66.738 GC heap before
{Heap before GC invocations=11 (full 1):
 PSYoungGen      total 292352K, used 290937K [0x0000000780780000, 0x0000000799280000, 0x00000007c0000000)
  eden space 264192K, 100% used [0x0000000780780000,0x0000000790980000,0x0000000790980000)
  from space 28160K, 94% used [0x0000000790980000,0x000000079239e540,0x0000000792500000)
  to   space 31744K, 0% used [0x0000000797380000,0x0000000797380000,0x0000000799280000)
 ParOldGen       total 97792K, used 29141K [0x0000000701600000, 0x0000000707580000, 0x0000000780780000)
  object space 97792K, 29% used [0x0000000701600000,0x0000000703275768,0x0000000707580000)
 Metaspace       used 24313K, capacity 25650K, committed 25984K, reserved 1071104K
  class space    used 3372K, capacity 3609K, committed 3712K, reserved 1048576K
Event: 66.784 GC heap after
Heap after GC invocations=11 (full 1):
 PSYoungGen      total 365568K, used 31739K [0x0000000780780000, 0x0000000799c80000, 0x00000007c0000000)
  eden space 333824K, 0% used [0x0000000780780000,0x0000000780780000,0x0000000794d80000)
  from space 31744K, 99% used [0x0000000797380000,0x000000079927ec40,0x0000000799280000)
  to   space 38912K, 0% used [0x0000000794d80000,0x0000000794d80000,0x0000000797380000)
 ParOldGen       total 97792K, used 36509K [0x0000000701600000, 0x0000000707580000, 0x0000000780780000)
  object space 97792K, 37% used [0x0000000701600000,0x00000007039a7788,0x0000000707580000)
 Metaspace       used 24313K, capacity 25650K, committed 25984K, reserved 1071104K
  class space    used 3372K, capacity 3609K, committed 3712K, reserved 1048576K
}
Event: 125.221 GC heap before
{Heap before GC invocations=12 (full 1):
 PSYoungGen      total 365568K, used 365563K [0x0000000780780000, 0x0000000799c80000, 0x00000007c0000000)
  eden space 333824K, 100% used [0x0000000780780000,0x0000000794d80000,0x0000000794d80000)
  from space 31744K, 99% used [0x0000000797380000,0x000000079927ec40,0x0000000799280000)
  to   space 38912K, 0% used [0x0000000794d80000,0x0000000794d80000,0x0000000797380000)
 ParOldGen       total 97792K, used 36509K [0x0000000701600000, 0x0000000707580000, 0x0000000780780000)
  object space 97792K, 37% used [0x0000000701600000,0x00000007039a7788,0x0000000707580000)
 Metaspace       used 25899K, capacity 27406K, committed 27520K, reserved 1073152K
  class space    used 3436K, capacity 3711K, committed 3712K, reserved 1048576K
Event: 125.252 GC heap after
Heap after GC invocations=12 (full 1):
 PSYoungGen      total 372736K, used 18915K [0x0000000780780000, 0x000000079e280000, 0x00000007c0000000)
  eden space 333824K, 0% used [0x0000000780780000,0x0000000780780000,0x0000000794d80000)
  from space 38912K, 48% used [0x0000000794d80000,0x0000000795ff8de0,0x0000000797380000)
  to   space 36864K, 0% used [0x000000079be80000,0x000000079be80000,0x000000079e280000)
 ParOldGen       total 97792K, used 56199K [0x0000000701600000, 0x0000000707580000, 0x0000000780780000)
  object space 97792K, 57% used [0x0000000701600000,0x0000000704ce1cc8,0x0000000707580000)
 Metaspace       used 25899K, capacity 27406K, committed 27520K, reserved 1073152K
  class space    used 3436K, capacity 3711K, committed 3712K, reserved 1048576K
}

