# JRE version: Java(TM) SE Runtime Environment (8.0_60-b27) (build 1.8.0_60-b27)
# Java VM: Java HotSpot(TM) 64-Bit Server VM (25.60-b23 mixed mode windows-amd64 compressed oops)
Heap:
 PSYoungGen      total 57344K, used 57150K [0x0000000780780000, 0x0000000786a00000, 0x00000007c0000000)
  eden space 49152K, 99% used [0x0000000780780000,0x000000078375acc0,0x0000000783780000)
  from space 8192K, 99% used [0x0000000783780000,0x0000000783f74dd0,0x0000000783f80000)
  to   space 8192K, 0% used [0x0000000786200000,0x0000000786200000,0x0000000786a00000)
 ParOldGen       total 67072K, used 8351K [0x0000000701600000, 0x0000000705780000, 0x0000000780780000)
  object space 67072K, 12% used [0x0000000701600000,0x0000000701e27d58,0x0000000705780000)
 Metaspace       used 25035K, capacity 26408K, committed 26496K, reserved 1073152K
  class space    used 3406K, capacity 3683K, committed 3712K, reserved 1048576K
GC Heap History (8 events):
Event: 3.506 GC heap before
{Heap before GC invocations=1 (full 0):
 PSYoungGen      total 57344K, used 49152K [0x0000000780780000, 0x0000000784780000, 0x00000007c0000000)
  eden space 49152K, 100% used [0x0000000780780000,0x0000000783780000,0x0000000783780000)
  from space 8192K, 0% used [0x0000000783f80000,0x0000000783f80000,0x0000000784780000)
  to   space 8192K, 0% used [0x0000000783780000,0x0000000783780000,0x0000000783f80000)
 ParOldGen       total 131072K, used 0K [0x0000000701600000, 0x0000000709600000, 0x0000000780780000)
  object space 131072K, 0% used [0x0000000701600000,0x0000000701600000,0x0000000709600000)
 Metaspace       used 18808K, capacity 20026K, committed 20224K, reserved 1067008K
  class space    used 2764K, capacity 3008K, committed 3072K, reserved 1048576K
Event: 3.514 GC heap after
Heap after GC invocations=1 (full 0):
 PSYoungGen      total 57344K, used 6194K [0x0000000780780000, 0x0000000784780000, 0x00000007c0000000)
  eden space 49152K, 0% used [0x0000000780780000,0x0000000780780000,0x0000000783780000)
  from space 8192K, 75% used [0x0000000783780000,0x0000000783d8cac0,0x0000000783f80000)
  to   space 8192K, 0% used [0x0000000783f80000,0x0000000783f80000,0x0000000784780000)
 ParOldGen       total 131072K, used 216K [0x0000000701600000, 0x0000000709600000, 0x0000000780780000)
  object space 131072K, 0% used [0x0000000701600000,0x0000000701636020,0x0000000709600000)
 Metaspace       used 18808K, capacity 20026K, committed 20224K, reserved 1067008K
  class space    used 2764K, capacity 3008K, committed 3072K, reserved 1048576K
}
Event: 3.613 GC heap before
{Heap before GC invocations=2 (full 0):
 PSYoungGen      total 57344K, used 10021K [0x0000000780780000, 0x0000000784780000, 0x00000007c0000000)
  eden space 49152K, 7% used [0x0000000780780000,0x0000000780b3ca30,0x0000000783780000)
  from space 8192K, 75% used [0x0000000783780000,0x0000000783d8cac0,0x0000000783f80000)
  to   space 8192K, 0% used [0x0000000783f80000,0x0000000783f80000,0x0000000784780000)
 ParOldGen       total 131072K, used 216K [0x0000000701600000, 0x0000000709600000, 0x0000000780780000)
  object space 131072K, 0% used [0x0000000701600000,0x0000000701636020,0x0000000709600000)
 Metaspace       used 20044K, capacity 21216K, committed 21296K, reserved 1067008K
  class space    used 2917K, capacity 3145K, committed 3200K, reserved 1048576K
Event: 3.621 GC heap after
Heap after GC invocations=2 (full 0):
 PSYoungGen      total 57344K, used 6242K [0x0000000780780000, 0x0000000787780000, 0x00000007c0000000)
  eden space 49152K, 0% used [0x0000000780780000,0x0000000780780000,0x0000000783780000)
  from space 8192K, 76% used [0x0000000783f80000,0x0000000784598af0,0x0000000784780000)
  to   space 8192K, 0% used [0x0000000783780000,0x0000000783780000,0x0000000783f80000)
 ParOldGen       total 131072K, used 224K [0x0000000701600000, 0x0000000709600000, 0x0000000780780000)
  object space 131072K, 0% used [0x0000000701600000,0x0000000701638020,0x0000000709600000)
 Metaspace       used 20044K, capacity 21216K, committed 21296K, reserved 1067008K
  class space    used 2917K, capacity 3145K, committed 3200K, reserved 1048576K
}
Event: 3.621 GC heap before
{Heap before GC invocations=3 (full 1):
 PSYoungGen      total 57344K, used 6242K [0x0000000780780000, 0x0000000787780000, 0x00000007c0000000)
  eden space 49152K, 0% used [0x0000000780780000,0x0000000780780000,0x0000000783780000)
  from space 8192K, 76% used [0x0000000783f80000,0x0000000784598af0,0x0000000784780000)
  to   space 8192K, 0% used [0x0000000783780000,0x0000000783780000,0x0000000783f80000)
 ParOldGen       total 131072K, used 224K [0x0000000701600000, 0x0000000709600000, 0x0000000780780000)
  object space 131072K, 0% used [0x0000000701600000,0x0000000701638020,0x0000000709600000)
 Metaspace       used 20044K, capacity 21216K, committed 21296K, reserved 1067008K
  class space    used 2917K, capacity 3145K, committed 3200K, reserved 1048576K
Event: 3.656 GC heap after
Heap after GC invocations=3 (full 1):
 PSYoungGen      total 57344K, used 0K [0x0000000780780000, 0x0000000787780000, 0x00000007c0000000)
  eden space 49152K, 0% used [0x0000000780780000,0x0000000780780000,0x0000000783780000)
  from space 8192K, 0% used [0x0000000783f80000,0x0000000783f80000,0x0000000784780000)
  to   space 8192K, 0% used [0x0000000783780000,0x0000000783780000,0x0000000783f80000)
 ParOldGen       total 67072K, used 6295K [0x0000000701600000, 0x0000000705780000, 0x0000000780780000)
  object space 67072K, 9% used [0x0000000701600000,0x0000000701c25d48,0x0000000705780000)
 Metaspace       used 20044K, capacity 21216K, committed 21296K, reserved 1067008K
  class space    used 2917K, capacity 3145K, committed 3200K, reserved 1048576K
}
Event: 5.716 GC heap before
{Heap before GC invocations=4 (full 1):
 PSYoungGen      total 57344K, used 49152K [0x0000000780780000, 0x0000000787780000, 0x00000007c0000000)
  eden space 49152K, 100% used [0x0000000780780000,0x0000000783780000,0x0000000783780000)
  from space 8192K, 0% used [0x0000000783f80000,0x0000000783f80000,0x0000000784780000)
  to   space 8192K, 0% used [0x0000000783780000,0x0000000783780000,0x0000000783f80000)
 ParOldGen       total 67072K, used 6295K [0x0000000701600000, 0x0000000705780000, 0x0000000780780000)
  object space 67072K, 9% used [0x0000000701600000,0x0000000701c25d48,0x0000000705780000)
 Metaspace       used 23703K, capacity 25044K, committed 25216K, reserved 1071104K
  class space    used 3319K, capacity 3593K, committed 3712K, reserved 1048576K
Event: 5.721 GC heap after
Heap after GC invocations=4 (full 1):
 PSYoungGen      total 57344K, used 8147K [0x0000000780780000, 0x0000000786a00000, 0x00000007c0000000)
  eden space 49152K, 0% used [0x0000000780780000,0x0000000780780000,0x0000000783780000)
  from space 8192K, 99% used [0x0000000783780000,0x0000000783f74dd0,0x0000000783f80000)
  to   space 8192K, 0% used [0x0000000786200000,0x0000000786200000,0x0000000786a00000)
 ParOldGen       total 67072K, used 8351K [0x0000000701600000, 0x0000000705780000, 0x0000000780780000)
  object space 67072K, 12% used [0x0000000701600000,0x0000000701e27d58,0x0000000705780000)
 Metaspace       used 23703K, capacity 25044K, committed 25216K, reserved 1071104K
  class space    used 3319K, capacity 3593K, committed 3712K, reserved 1048576K
}

