# JRE version: Java(TM) SE Runtime Environment (8.0_92-b14) (build 1.8.0_92-b14)
# Java VM: Java HotSpot(TM) 64-Bit Server VM (25.92-b14 mixed mode windows-amd64 compressed oops)
Heap:
 PSYoungGen      total 57344K, used 50765K [0x0000000780780000, 0x0000000786a80000, 0x00000007c0000000)
  eden space 49152K, 86% used [0x0000000780780000,0x0000000783117c18,0x0000000783780000)
  from space 8192K, 99% used [0x0000000783780000,0x0000000783f7ba10,0x0000000783f80000)
  to   space 8192K, 0% used [0x0000000786280000,0x0000000786280000,0x0000000786a80000)
 ParOldGen       total 66560K, used 6299K [0x0000000701600000, 0x0000000705700000, 0x0000000780780000)
  object space 66560K, 9% used [0x0000000701600000,0x0000000701c26c88,0x0000000705700000)
 Metaspace       used 25109K, capacity 26476K, committed 26624K, reserved 1073152K
  class space    used 3457K, capacity 3747K, committed 3840K, reserved 1048576K
GC Heap History (8 events):
Event: 3.045 GC heap before
{Heap before GC invocations=1 (full 0):
 PSYoungGen      total 57344K, used 49152K [0x0000000780780000, 0x0000000784780000, 0x00000007c0000000)
  eden space 49152K, 100% used [0x0000000780780000,0x0000000783780000,0x0000000783780000)
  from space 8192K, 0% used [0x0000000783f80000,0x0000000783f80000,0x0000000784780000)
  to   space 8192K, 0% used [0x0000000783780000,0x0000000783780000,0x0000000783f80000)
 ParOldGen       total 131072K, used 0K [0x0000000701600000, 0x0000000709600000, 0x0000000780780000)
  object space 131072K, 0% used [0x0000000701600000,0x0000000701600000,0x0000000709600000)
 Metaspace       used 19077K, capacity 20326K, committed 20480K, reserved 1067008K
  class space    used 2824K, capacity 3064K, committed 3072K, reserved 1048576K
Event: 3.054 GC heap after
Heap after GC invocations=1 (full 0):
 PSYoungGen      total 57344K, used 6386K [0x0000000780780000, 0x0000000784780000, 0x00000007c0000000)
  eden space 49152K, 0% used [0x0000000780780000,0x0000000780780000,0x0000000783780000)
  from space 8192K, 77% used [0x0000000783780000,0x0000000783dbcaf0,0x0000000783f80000)
  to   space 8192K, 0% used [0x0000000783f80000,0x0000000783f80000,0x0000000784780000)
 ParOldGen       total 131072K, used 88K [0x0000000701600000, 0x0000000709600000, 0x0000000780780000)
  object space 131072K, 0% used [0x0000000701600000,0x0000000701616010,0x0000000709600000)
 Metaspace       used 19077K, capacity 20326K, committed 20480K, reserved 1067008K
  class space    used 2824K, capacity 3064K, committed 3072K, reserved 1048576K
}
Event: 3.119 GC heap before
{Heap before GC invocations=2 (full 0):
 PSYoungGen      total 57344K, used 9330K [0x0000000780780000, 0x0000000784780000, 0x00000007c0000000)
  eden space 49152K, 5% used [0x0000000780780000,0x0000000780a60060,0x0000000783780000)
  from space 8192K, 77% used [0x0000000783780000,0x0000000783dbcaf0,0x0000000783f80000)
  to   space 8192K, 0% used [0x0000000783f80000,0x0000000783f80000,0x0000000784780000)
 ParOldGen       total 131072K, used 88K [0x0000000701600000, 0x0000000709600000, 0x0000000780780000)
  object space 131072K, 0% used [0x0000000701600000,0x0000000701616010,0x0000000709600000)
 Metaspace       used 20078K, capacity 21252K, committed 21296K, reserved 1067008K
  class space    used 2950K, capacity 3177K, committed 3200K, reserved 1048576K
Event: 3.125 GC heap after
Heap after GC invocations=2 (full 0):
 PSYoungGen      total 57344K, used 6320K [0x0000000780780000, 0x0000000787780000, 0x00000007c0000000)
  eden space 49152K, 0% used [0x0000000780780000,0x0000000780780000,0x0000000783780000)
  from space 8192K, 77% used [0x0000000783f80000,0x00000007845ac060,0x0000000784780000)
  to   space 8192K, 0% used [0x0000000783780000,0x0000000783780000,0x0000000783f80000)
 ParOldGen       total 131072K, used 96K [0x0000000701600000, 0x0000000709600000, 0x0000000780780000)
  object space 131072K, 0% used [0x0000000701600000,0x0000000701618010,0x0000000709600000)
 Metaspace       used 20078K, capacity 21252K, committed 21296K, reserved 1067008K
  class space    used 2950K, capacity 3177K, committed 3200K, reserved 1048576K
}
Event: 3.125 GC heap before
{Heap before GC invocations=3 (full 1):
 PSYoungGen      total 57344K, used 6320K [0x0000000780780000, 0x0000000787780000, 0x00000007c0000000)
  eden space 49152K, 0% used [0x0000000780780000,0x0000000780780000,0x0000000783780000)
  from space 8192K, 77% used [0x0000000783f80000,0x00000007845ac060,0x0000000784780000)
  to   space 8192K, 0% used [0x0000000783780000,0x0000000783780000,0x0000000783f80000)
 ParOldGen       total 131072K, used 96K [0x0000000701600000, 0x0000000709600000, 0x0000000780780000)
  object space 131072K, 0% used [0x0000000701600000,0x0000000701618010,0x0000000709600000)
 Metaspace       used 20078K, capacity 21252K, committed 21296K, reserved 1067008K
  class space    used 2950K, capacity 3177K, committed 3200K, reserved 1048576K
Event: 3.162 GC heap after
Heap after GC invocations=3 (full 1):
 PSYoungGen      total 57344K, used 0K [0x0000000780780000, 0x0000000787780000, 0x00000007c0000000)
  eden space 49152K, 0% used [0x0000000780780000,0x0000000780780000,0x0000000783780000)
  from space 8192K, 0% used [0x0000000783f80000,0x0000000783f80000,0x0000000784780000)
  to   space 8192K, 0% used [0x0000000783780000,0x0000000783780000,0x0000000783f80000)
 ParOldGen       total 66560K, used 6283K [0x0000000701600000, 0x0000000705700000, 0x0000000780780000)
  object space 66560K, 9% used [0x0000000701600000,0x0000000701c22c88,0x0000000705700000)
 Metaspace       used 20078K, capacity 21252K, committed 21296K, reserved 1067008K
  class space    used 2950K, capacity 3177K, committed 3200K, reserved 1048576K
}
Event: 5.208 GC heap before
{Heap before GC invocations=4 (full 1):
 PSYoungGen      total 57344K, used 49152K [0x0000000780780000, 0x0000000787780000, 0x00000007c0000000)
  eden space 49152K, 100% used [0x0000000780780000,0x0000000783780000,0x0000000783780000)
  from space 8192K, 0% used [0x0000000783f80000,0x0000000783f80000,0x0000000784780000)
  to   space 8192K, 0% used [0x0000000783780000,0x0000000783780000,0x0000000783f80000)
 ParOldGen       total 66560K, used 6283K [0x0000000701600000, 0x0000000705700000, 0x0000000780780000)
  object space 66560K, 9% used [0x0000000701600000,0x0000000701c22c88,0x0000000705700000)
 Metaspace       used 23915K, capacity 25240K, committed 25472K, reserved 1071104K
  class space    used 3372K, capacity 3657K, committed 3712K, reserved 1048576K
Event: 5.213 GC heap after
Heap after GC invocations=4 (full 1):
 PSYoungGen      total 57344K, used 8174K [0x0000000780780000, 0x0000000786a80000, 0x00000007c0000000)
  eden space 49152K, 0% used [0x0000000780780000,0x0000000780780000,0x0000000783780000)
  from space 8192K, 99% used [0x0000000783780000,0x0000000783f7ba10,0x0000000783f80000)
  to   space 8192K, 0% used [0x0000000786280000,0x0000000786280000,0x0000000786a80000)
 ParOldGen       total 66560K, used 6299K [0x0000000701600000, 0x0000000705700000, 0x0000000780780000)
  object space 66560K, 9% used [0x0000000701600000,0x0000000701c26c88,0x0000000705700000)
 Metaspace       used 23915K, capacity 25240K, committed 25472K, reserved 1071104K
  class space    used 3372K, capacity 3657K, committed 3712K, reserved 1048576K
}

