# JRE version: Java(TM) SE Runtime Environment (8.0_92-b14) (build 1.8.0_92-b14)
# Java VM: Java HotSpot(TM) 64-Bit Server VM (25.92-b14 mixed mode windows-amd64 compressed oops)
Heap:
 PSYoungGen      total 57344K, used 47393K [0x0000000780780000, 0x0000000785c00000, 0x00000007c0000000)
  eden space 49152K, 79% used [0x0000000780780000,0x0000000782dcd748,0x0000000783780000)
  from space 8192K, 99% used [0x0000000783780000,0x0000000783f7add8,0x0000000783f80000)
  to   space 8192K, 0% used [0x0000000785400000,0x0000000785400000,0x0000000785c00000)
 ParOldGen       total 80384K, used 8403K [0x0000000701600000, 0x0000000706480000, 0x0000000780780000)
  object space 80384K, 10% used [0x0000000701600000,0x0000000701e34f78,0x0000000706480000)
 Metaspace       used 25545K, capacity 26928K, committed 27136K, reserved 1073152K
  class space    used 3478K, capacity 3749K, committed 3840K, reserved 1048576K
GC Heap History (8 events):
Event: 2.303 GC heap before
{Heap before GC invocations=1 (full 0):
 PSYoungGen      total 57344K, used 49152K [0x0000000780780000, 0x0000000784780000, 0x00000007c0000000)
  eden space 49152K, 100% used [0x0000000780780000,0x0000000783780000,0x0000000783780000)
  from space 8192K, 0% used [0x0000000783f80000,0x0000000783f80000,0x0000000784780000)
  to   space 8192K, 0% used [0x0000000783780000,0x0000000783780000,0x0000000783f80000)
 ParOldGen       total 131072K, used 0K [0x0000000701600000, 0x0000000709600000, 0x0000000780780000)
  object space 131072K, 0% used [0x0000000701600000,0x0000000701600000,0x0000000709600000)
 Metaspace       used 19033K, capacity 20202K, committed 20480K, reserved 1067008K
  class space    used 2791K, capacity 3006K, committed 3072K, reserved 1048576K
Event: 2.311 GC heap after
Heap after GC invocations=1 (full 0):
 PSYoungGen      total 57344K, used 6000K [0x0000000780780000, 0x0000000784780000, 0x00000007c0000000)
  eden space 49152K, 0% used [0x0000000780780000,0x0000000780780000,0x0000000783780000)
  from space 8192K, 73% used [0x0000000783780000,0x0000000783d5c050,0x0000000783f80000)
  to   space 8192K, 0% used [0x0000000783f80000,0x0000000783f80000,0x0000000784780000)
 ParOldGen       total 131072K, used 216K [0x0000000701600000, 0x0000000709600000, 0x0000000780780000)
  object space 131072K, 0% used [0x0000000701600000,0x0000000701636020,0x0000000709600000)
 Metaspace       used 19033K, capacity 20202K, committed 20480K, reserved 1067008K
  class space    used 2791K, capacity 3006K, committed 3072K, reserved 1048576K
}
Event: 2.508 GC heap before
{Heap before GC invocations=2 (full 0):
 PSYoungGen      total 57344K, used 9614K [0x0000000780780000, 0x0000000784780000, 0x00000007c0000000)
  eden space 49152K, 7% used [0x0000000780780000,0x0000000780b07888,0x0000000783780000)
  from space 8192K, 73% used [0x0000000783780000,0x0000000783d5c050,0x0000000783f80000)
  to   space 8192K, 0% used [0x0000000783f80000,0x0000000783f80000,0x0000000784780000)
 ParOldGen       total 131072K, used 216K [0x0000000701600000, 0x0000000709600000, 0x0000000780780000)
  object space 131072K, 0% used [0x0000000701600000,0x0000000701636020,0x0000000709600000)
 Metaspace       used 20017K, capacity 21228K, committed 21296K, reserved 1067008K
  class space    used 2935K, capacity 3173K, committed 3200K, reserved 1048576K
Event: 2.516 GC heap after
Heap after GC invocations=2 (full 0):
 PSYoungGen      total 57344K, used 6160K [0x0000000780780000, 0x0000000787780000, 0x00000007c0000000)
  eden space 49152K, 0% used [0x0000000780780000,0x0000000780780000,0x0000000783780000)
  from space 8192K, 75% used [0x0000000783f80000,0x0000000784584050,0x0000000784780000)
  to   space 8192K, 0% used [0x0000000783780000,0x0000000783780000,0x0000000783f80000)
 ParOldGen       total 131072K, used 224K [0x0000000701600000, 0x0000000709600000, 0x0000000780780000)
  object space 131072K, 0% used [0x0000000701600000,0x0000000701638020,0x0000000709600000)
 Metaspace       used 20017K, capacity 21228K, committed 21296K, reserved 1067008K
  class space    used 2935K, capacity 3173K, committed 3200K, reserved 1048576K
}
Event: 2.516 GC heap before
{Heap before GC invocations=3 (full 1):
 PSYoungGen      total 57344K, used 6160K [0x0000000780780000, 0x0000000787780000, 0x00000007c0000000)
  eden space 49152K, 0% used [0x0000000780780000,0x0000000780780000,0x0000000783780000)
  from space 8192K, 75% used [0x0000000783f80000,0x0000000784584050,0x0000000784780000)
  to   space 8192K, 0% used [0x0000000783780000,0x0000000783780000,0x0000000783f80000)
 ParOldGen       total 131072K, used 224K [0x0000000701600000, 0x0000000709600000, 0x0000000780780000)
  object space 131072K, 0% used [0x0000000701600000,0x0000000701638020,0x0000000709600000)
 Metaspace       used 20017K, capacity 21228K, committed 21296K, reserved 1067008K
  class space    used 2935K, capacity 3173K, committed 3200K, reserved 1048576K
Event: 2.560 GC heap after
Heap after GC invocations=3 (full 1):
 PSYoungGen      total 57344K, used 0K [0x0000000780780000, 0x0000000787780000, 0x00000007c0000000)
  eden space 49152K, 0% used [0x0000000780780000,0x0000000780780000,0x0000000783780000)
  from space 8192K, 0% used [0x0000000783f80000,0x0000000783f80000,0x0000000784780000)
  to   space 8192K, 0% used [0x0000000783780000,0x0000000783780000,0x0000000783f80000)
 ParOldGen       total 80384K, used 6210K [0x0000000701600000, 0x0000000706480000, 0x0000000780780000)
  object space 80384K, 7% used [0x0000000701600000,0x0000000701c10b60,0x0000000706480000)
 Metaspace       used 20017K, capacity 21228K, committed 21296K, reserved 1067008K
  class space    used 2935K, capacity 3173K, committed 3200K, reserved 1048576K
}
Event: 4.677 GC heap before
{Heap before GC invocations=4 (full 1):
 PSYoungGen      total 57344K, used 49152K [0x0000000780780000, 0x0000000787780000, 0x00000007c0000000)
  eden space 49152K, 100% used [0x0000000780780000,0x0000000783780000,0x0000000783780000)
  from space 8192K, 0% used [0x0000000783f80000,0x0000000783f80000,0x0000000784780000)
  to   space 8192K, 0% used [0x0000000783780000,0x0000000783780000,0x0000000783f80000)
 ParOldGen       total 80384K, used 6210K [0x0000000701600000, 0x0000000706480000, 0x0000000780780000)
  object space 80384K, 7% used [0x0000000701600000,0x0000000701c10b60,0x0000000706480000)
 Metaspace       used 24209K, capacity 25488K, committed 25728K, reserved 1071104K
  class space    used 3392K, capacity 3657K, committed 3712K, reserved 1048576K
Event: 4.683 GC heap after
Heap after GC invocations=4 (full 1):
 PSYoungGen      total 57344K, used 8171K [0x0000000780780000, 0x0000000785c00000, 0x00000007c0000000)
  eden space 49152K, 0% used [0x0000000780780000,0x0000000780780000,0x0000000783780000)
  from space 8192K, 99% used [0x0000000783780000,0x0000000783f7add8,0x0000000783f80000)
  to   space 8192K, 0% used [0x0000000785400000,0x0000000785400000,0x0000000785c00000)
 ParOldGen       total 80384K, used 8403K [0x0000000701600000, 0x0000000706480000, 0x0000000780780000)
  object space 80384K, 10% used [0x0000000701600000,0x0000000701e34f78,0x0000000706480000)
 Metaspace       used 24209K, capacity 25488K, committed 25728K, reserved 1071104K
  class space    used 3392K, capacity 3657K, committed 3712K, reserved 1048576K
}

