# JRE version: Java(TM) SE Runtime Environment (8.0_60-b27) (build 1.8.0_60-b27)
# Java VM: Java HotSpot(TM) 64-Bit Server VM (25.60-b23 mixed mode windows-amd64 compressed oops)
Heap:
 PSYoungGen      total 87552K, used 20375K [0x0000000780780000, 0x0000000786880000, 0x00000007c0000000)
  eden space 79360K, 15% used [0x0000000780780000,0x0000000781366590,0x0000000785500000)
  from space 8192K, 99% used [0x0000000786080000,0x000000078687f808,0x0000000786880000)
  to   space 8192K, 0% used [0x0000000785880000,0x0000000785880000,0x0000000786080000)
 ParOldGen       total 68096K, used 12982K [0x0000000701600000, 0x0000000705880000, 0x0000000780780000)
  object space 68096K, 19% used [0x0000000701600000,0x00000007022adbe0,0x0000000705880000)
 Metaspace       used 25497K, capacity 26934K, committed 27136K, reserved 1073152K
  class space    used 3435K, capacity 3722K, committed 3840K, reserved 1048576K
GC Heap History (10 events):
Event: 3.143 GC heap before
{Heap before GC invocations=1 (full 0):
 PSYoungGen      total 57344K, used 49152K [0x0000000780780000, 0x0000000784780000, 0x00000007c0000000)
  eden space 49152K, 100% used [0x0000000780780000,0x0000000783780000,0x0000000783780000)
  from space 8192K, 0% used [0x0000000783f80000,0x0000000783f80000,0x0000000784780000)
  to   space 8192K, 0% used [0x0000000783780000,0x0000000783780000,0x0000000783f80000)
 ParOldGen       total 131072K, used 0K [0x0000000701600000, 0x0000000709600000, 0x0000000780780000)
  object space 131072K, 0% used [0x0000000701600000,0x0000000701600000,0x0000000709600000)
 Metaspace       used 18821K, capacity 20030K, committed 20224K, reserved 1067008K
  class space    used 2763K, capacity 3008K, committed 3072K, reserved 1048576K
Event: 3.150 GC heap after
Heap after GC invocations=1 (full 0):
 PSYoungGen      total 57344K, used 6256K [0x0000000780780000, 0x0000000784780000, 0x00000007c0000000)
  eden space 49152K, 0% used [0x0000000780780000,0x0000000780780000,0x0000000783780000)
  from space 8192K, 76% used [0x0000000783780000,0x0000000783d9c060,0x0000000783f80000)
  to   space 8192K, 0% used [0x0000000783f80000,0x0000000783f80000,0x0000000784780000)
 ParOldGen       total 131072K, used 216K [0x0000000701600000, 0x0000000709600000, 0x0000000780780000)
  object space 131072K, 0% used [0x0000000701600000,0x0000000701636020,0x0000000709600000)
 Metaspace       used 18821K, capacity 20030K, committed 20224K, reserved 1067008K
  class space    used 2763K, capacity 3008K, committed 3072K, reserved 1048576K
}
Event: 3.244 GC heap before
{Heap before GC invocations=2 (full 0):
 PSYoungGen      total 57344K, used 10082K [0x0000000780780000, 0x0000000784780000, 0x00000007c0000000)
  eden space 49152K, 7% used [0x0000000780780000,0x0000000780b3cad8,0x0000000783780000)
  from space 8192K, 76% used [0x0000000783780000,0x0000000783d9c060,0x0000000783f80000)
  to   space 8192K, 0% used [0x0000000783f80000,0x0000000783f80000,0x0000000784780000)
 ParOldGen       total 131072K, used 216K [0x0000000701600000, 0x0000000709600000, 0x0000000780780000)
  object space 131072K, 0% used [0x0000000701600000,0x0000000701636020,0x0000000709600000)
 Metaspace       used 20011K, capacity 21218K, committed 21296K, reserved 1067008K
  class space    used 2915K, capacity 3144K, committed 3200K, reserved 1048576K
Event: 3.251 GC heap after
Heap after GC invocations=2 (full 0):
 PSYoungGen      total 57344K, used 6402K [0x0000000780780000, 0x0000000787780000, 0x00000007c0000000)
  eden space 49152K, 0% used [0x0000000780780000,0x0000000780780000,0x0000000783780000)
  from space 8192K, 78% used [0x0000000783f80000,0x00000007845c0ae0,0x0000000784780000)
  to   space 8192K, 0% used [0x0000000783780000,0x0000000783780000,0x0000000783f80000)
 ParOldGen       total 131072K, used 224K [0x0000000701600000, 0x0000000709600000, 0x0000000780780000)
  object space 131072K, 0% used [0x0000000701600000,0x0000000701638020,0x0000000709600000)
 Metaspace       used 20011K, capacity 21218K, committed 21296K, reserved 1067008K
  class space    used 2915K, capacity 3144K, committed 3200K, reserved 1048576K
}
Event: 3.251 GC heap before
{Heap before GC invocations=3 (full 1):
 PSYoungGen      total 57344K, used 6402K [0x0000000780780000, 0x0000000787780000, 0x00000007c0000000)
  eden space 49152K, 0% used [0x0000000780780000,0x0000000780780000,0x0000000783780000)
  from space 8192K, 78% used [0x0000000783f80000,0x00000007845c0ae0,0x0000000784780000)
  to   space 8192K, 0% used [0x0000000783780000,0x0000000783780000,0x0000000783f80000)
 ParOldGen       total 131072K, used 224K [0x0000000701600000, 0x0000000709600000, 0x0000000780780000)
  object space 131072K, 0% used [0x0000000701600000,0x0000000701638020,0x0000000709600000)
 Metaspace       used 20011K, capacity 21218K, committed 21296K, reserved 1067008K
  class space    used 2915K, capacity 3144K, committed 3200K, reserved 1048576K
Event: 3.287 GC heap after
Heap after GC invocations=3 (full 1):
 PSYoungGen      total 57344K, used 0K [0x0000000780780000, 0x0000000787780000, 0x00000007c0000000)
  eden space 49152K, 0% used [0x0000000780780000,0x0000000780780000,0x0000000783780000)
  from space 8192K, 0% used [0x0000000783f80000,0x0000000783f80000,0x0000000784780000)
  to   space 8192K, 0% used [0x0000000783780000,0x0000000783780000,0x0000000783f80000)
 ParOldGen       total 68096K, used 6289K [0x0000000701600000, 0x0000000705880000, 0x0000000780780000)
  object space 68096K, 9% used [0x0000000701600000,0x0000000701c244a0,0x0000000705880000)
 Metaspace       used 20011K, capacity 21218K, committed 21296K, reserved 1067008K
  class space    used 2915K, capacity 3144K, committed 3200K, reserved 1048576K
}
Event: 5.369 GC heap before
{Heap before GC invocations=4 (full 1):
 PSYoungGen      total 57344K, used 49152K [0x0000000780780000, 0x0000000787780000, 0x00000007c0000000)
  eden space 49152K, 100% used [0x0000000780780000,0x0000000783780000,0x0000000783780000)
  from space 8192K, 0% used [0x0000000783f80000,0x0000000783f80000,0x0000000784780000)
  to   space 8192K, 0% used [0x0000000783780000,0x0000000783780000,0x0000000783f80000)
 ParOldGen       total 68096K, used 6289K [0x0000000701600000, 0x0000000705880000, 0x0000000780780000)
  object space 68096K, 9% used [0x0000000701600000,0x0000000701c244a0,0x0000000705880000)
 Metaspace       used 23736K, capacity 24984K, committed 25216K, reserved 1071104K
  class space    used 3321K, capacity 3593K, committed 3712K, reserved 1048576K
Event: 5.375 GC heap after
Heap after GC invocations=4 (full 1):
 PSYoungGen      total 57344K, used 8109K [0x0000000780780000, 0x0000000786880000, 0x00000007c0000000)
  eden space 49152K, 0% used [0x0000000780780000,0x0000000780780000,0x0000000783780000)
  from space 8192K, 98% used [0x0000000783780000,0x0000000783f6b4c8,0x0000000783f80000)
  to   space 8192K, 0% used [0x0000000786080000,0x0000000786080000,0x0000000786880000)
 ParOldGen       total 68096K, used 8345K [0x0000000701600000, 0x0000000705880000, 0x0000000780780000)
  object space 68096K, 12% used [0x0000000701600000,0x0000000701e264b0,0x0000000705880000)
 Metaspace       used 23736K, capacity 24984K, committed 25216K, reserved 1071104K
  class space    used 3321K, capacity 3593K, committed 3712K, reserved 1048576K
}
Event: 93.815 GC heap before
{Heap before GC invocations=5 (full 1):
 PSYoungGen      total 57344K, used 57261K [0x0000000780780000, 0x0000000786880000, 0x00000007c0000000)
  eden space 49152K, 100% used [0x0000000780780000,0x0000000783780000,0x0000000783780000)
  from space 8192K, 98% used [0x0000000783780000,0x0000000783f6b4c8,0x0000000783f80000)
  to   space 8192K, 0% used [0x0000000786080000,0x0000000786080000,0x0000000786880000)
 ParOldGen       total 68096K, used 8345K [0x0000000701600000, 0x0000000705880000, 0x0000000780780000)
  object space 68096K, 12% used [0x0000000701600000,0x0000000701e264b0,0x0000000705880000)
 Metaspace       used 25421K, capacity 26870K, committed 27136K, reserved 1073152K
  class space    used 3434K, capacity 3722K, committed 3840K, reserved 1048576K
Event: 93.823 GC heap after
Heap after GC invocations=5 (full 1):
 PSYoungGen      total 87552K, used 8190K [0x0000000780780000, 0x0000000786880000, 0x00000007c0000000)
  eden space 79360K, 0% used [0x0000000780780000,0x0000000780780000,0x0000000785500000)
  from space 8192K, 99% used [0x0000000786080000,0x000000078687f808,0x0000000786880000)
  to   space 8192K, 0% used [0x0000000785880000,0x0000000785880000,0x0000000786080000)
 ParOldGen       total 68096K, used 12982K [0x0000000701600000, 0x0000000705880000, 0x0000000780780000)
  object space 68096K, 19% used [0x0000000701600000,0x00000007022adbe0,0x0000000705880000)
 Metaspace       used 25421K, capacity 26870K, committed 27136K, reserved 1073152K
  class space    used 3434K, capacity 3722K, committed 3840K, reserved 1048576K
}

