# JRE version: Java(TM) SE Runtime Environment (8.0_73-b02) (build 1.8.0_73-b02)
# Java VM: Java HotSpot(TM) 64-Bit Server VM (25.73-b02 mixed mode bsd-amd64 compressed oops)
Heap:
 PSYoungGen      total 46080K, used 29850K [0x0000000795580000, 0x0000000798c80000, 0x00000007c0000000)
  eden space 40960K, 60% used [0x0000000795580000,0x0000000796da80f8,0x0000000797d80000)
  from space 5120K, 99% used [0x0000000798280000,0x000000079877e9a0,0x0000000798780000)
  to   space 5120K, 0% used [0x0000000797d80000,0x0000000797d80000,0x0000000798280000)
 ParOldGen       total 71680K, used 20200K [0x0000000740000000, 0x0000000744600000, 0x0000000795580000)
  object space 71680K, 28% used [0x0000000740000000,0x00000007413ba3b8,0x0000000744600000)
 Metaspace       used 24462K, capacity 25568K, committed 25600K, reserved 1071104K
  class space    used 3341K, capacity 3558K, committed 3584K, reserved 1048576K
GC Heap History (10 events):
Event: 1.264 GC heap before
{Heap before GC invocations=1 (full 0):
 PSYoungGen      total 38400K, used 33280K [0x0000000795580000, 0x0000000798000000, 0x00000007c0000000)
  eden space 33280K, 100% used [0x0000000795580000,0x0000000797600000,0x0000000797600000)
  from space 5120K, 0% used [0x0000000797b00000,0x0000000797b00000,0x0000000798000000)
  to   space 5120K, 0% used [0x0000000797600000,0x0000000797600000,0x0000000797b00000)
 ParOldGen       total 87552K, used 0K [0x0000000740000000, 0x0000000745580000, 0x0000000795580000)
  object space 87552K, 0% used [0x0000000740000000,0x0000000740000000,0x0000000745580000)
 Metaspace       used 15471K, capacity 16046K, committed 16256K, reserved 1062912K
  class space    used 2016K, capacity 2163K, committed 2176K, reserved 1048576K
Event: 1.270 GC heap after
Heap after GC invocations=1 (full 0):
 PSYoungGen      total 38400K, used 5088K [0x0000000795580000, 0x0000000798000000, 0x00000007c0000000)
  eden space 33280K, 0% used [0x0000000795580000,0x0000000795580000,0x0000000797600000)
  from space 5120K, 99% used [0x0000000797600000,0x0000000797af8040,0x0000000797b00000)
  to   space 5120K, 0% used [0x0000000797b00000,0x0000000797b00000,0x0000000798000000)
 ParOldGen       total 87552K, used 313K [0x0000000740000000, 0x0000000745580000, 0x0000000795580000)
  object space 87552K, 0% used [0x0000000740000000,0x000000074004e7b8,0x0000000745580000)
 Metaspace       used 15471K, capacity 16046K, committed 16256K, reserved 1062912K
  class space    used 2016K, capacity 2163K, committed 2176K, reserved 1048576K
}
Event: 3.868 GC heap before
{Heap before GC invocations=2 (full 0):
 PSYoungGen      total 38400K, used 30256K [0x0000000795580000, 0x0000000798000000, 0x00000007c0000000)
  eden space 33280K, 75% used [0x0000000795580000,0x0000000796e14270,0x0000000797600000)
  from space 5120K, 99% used [0x0000000797600000,0x0000000797af8040,0x0000000797b00000)
  to   space 5120K, 0% used [0x0000000797b00000,0x0000000797b00000,0x0000000798000000)
 ParOldGen       total 87552K, used 313K [0x0000000740000000, 0x0000000745580000, 0x0000000795580000)
  object space 87552K, 0% used [0x0000000740000000,0x000000074004e7b8,0x0000000745580000)
 Metaspace       used 20466K, capacity 21260K, committed 21296K, reserved 1067008K
  class space    used 2759K, capacity 2930K, committed 2944K, reserved 1048576K
Event: 3.877 GC heap after
Heap after GC invocations=2 (full 0):
 PSYoungGen      total 38400K, used 5104K [0x0000000795580000, 0x0000000798000000, 0x00000007c0000000)
  eden space 33280K, 0% used [0x0000000795580000,0x0000000795580000,0x0000000797600000)
  from space 5120K, 99% used [0x0000000797b00000,0x0000000797ffc050,0x0000000798000000)
  to   space 5120K, 0% used [0x0000000797600000,0x0000000797600000,0x0000000797b00000)
 ParOldGen       total 87552K, used 4176K [0x0000000740000000, 0x0000000745580000, 0x0000000795580000)
  object space 87552K, 4% used [0x0000000740000000,0x00000007404140d8,0x0000000745580000)
 Metaspace       used 20466K, capacity 21260K, committed 21296K, reserved 1067008K
  class space    used 2759K, capacity 2930K, committed 2944K, reserved 1048576K
}
Event: 3.877 GC heap before
{Heap before GC invocations=3 (full 1):
 PSYoungGen      total 38400K, used 5104K [0x0000000795580000, 0x0000000798000000, 0x00000007c0000000)
  eden space 33280K, 0% used [0x0000000795580000,0x0000000795580000,0x0000000797600000)
  from space 5120K, 99% used [0x0000000797b00000,0x0000000797ffc050,0x0000000798000000)
  to   space 5120K, 0% used [0x0000000797600000,0x0000000797600000,0x0000000797b00000)
 ParOldGen       total 87552K, used 4176K [0x0000000740000000, 0x0000000745580000, 0x0000000795580000)
  object space 87552K, 4% used [0x0000000740000000,0x00000007404140d8,0x0000000745580000)
 Metaspace       used 20466K, capacity 21260K, committed 21296K, reserved 1067008K
  class space    used 2759K, capacity 2930K, committed 2944K, reserved 1048576K
Event: 3.920 GC heap after
Heap after GC invocations=3 (full 1):
 PSYoungGen      total 38400K, used 0K [0x0000000795580000, 0x0000000798000000, 0x00000007c0000000)
  eden space 33280K, 0% used [0x0000000795580000,0x0000000795580000,0x0000000797600000)
  from space 5120K, 0% used [0x0000000797b00000,0x0000000797b00000,0x0000000798000000)
  to   space 5120K, 0% used [0x0000000797600000,0x0000000797600000,0x0000000797b00000)
 ParOldGen       total 71680K, used 8825K [0x0000000740000000, 0x0000000744600000, 0x0000000795580000)
  object space 71680K, 12% used [0x0000000740000000,0x000000074089e620,0x0000000744600000)
 Metaspace       used 20466K, capacity 21260K, committed 21296K, reserved 1067008K
  class space    used 2759K, capacity 2930K, committed 2944K, reserved 1048576K
}
Event: 5.934 GC heap before
{Heap before GC invocations=4 (full 1):
 PSYoungGen      total 38400K, used 33280K [0x0000000795580000, 0x0000000798000000, 0x00000007c0000000)
  eden space 33280K, 100% used [0x0000000795580000,0x0000000797600000,0x0000000797600000)
  from space 5120K, 0% used [0x0000000797b00000,0x0000000797b00000,0x0000000798000000)
  to   space 5120K, 0% used [0x0000000797600000,0x0000000797600000,0x0000000797b00000)
 ParOldGen       total 71680K, used 8825K [0x0000000740000000, 0x0000000744600000, 0x0000000795580000)
  object space 71680K, 12% used [0x0000000740000000,0x000000074089e620,0x0000000744600000)
 Metaspace       used 23572K, capacity 24668K, committed 24832K, reserved 1071104K
  class space    used 3270K, capacity 3506K, committed 3584K, reserved 1048576K
Event: 5.937 GC heap after
Heap after GC invocations=4 (full 1):
 PSYoungGen      total 38400K, used 5119K [0x0000000795580000, 0x0000000798780000, 0x00000007c0000000)
  eden space 33280K, 0% used [0x0000000795580000,0x0000000795580000,0x0000000797600000)
  from space 5120K, 99% used [0x0000000797600000,0x0000000797affea8,0x0000000797b00000)
  to   space 5120K, 0% used [0x0000000798280000,0x0000000798280000,0x0000000798780000)
 ParOldGen       total 71680K, used 9439K [0x0000000740000000, 0x0000000744600000, 0x0000000795580000)
  object space 71680K, 13% used [0x0000000740000000,0x0000000740937ce8,0x0000000744600000)
 Metaspace       used 23572K, capacity 24668K, committed 24832K, reserved 1071104K
  class space    used 3270K, capacity 3506K, committed 3584K, reserved 1048576K
}
Event: 6.366 GC heap before
{Heap before GC invocations=5 (full 1):
 PSYoungGen      total 38400K, used 37927K [0x0000000795580000, 0x0000000798780000, 0x00000007c0000000)
  eden space 33280K, 98% used [0x0000000795580000,0x0000000797589ea0,0x0000000797600000)
  from space 5120K, 99% used [0x0000000797600000,0x0000000797affea8,0x0000000797b00000)
  to   space 5120K, 0% used [0x0000000798280000,0x0000000798280000,0x0000000798780000)
 ParOldGen       total 71680K, used 9439K [0x0000000740000000, 0x0000000744600000, 0x0000000795580000)
  object space 71680K, 13% used [0x0000000740000000,0x0000000740937ce8,0x0000000744600000)
 Metaspace       used 24161K, capacity 25332K, committed 25600K, reserved 1071104K
  class space    used 3329K, capacity 3552K, committed 3584K, reserved 1048576K
Event: 6.374 GC heap after
Heap after GC invocations=5 (full 1):
 PSYoungGen      total 46080K, used 5114K [0x0000000795580000, 0x0000000798c80000, 0x00000007c0000000)
  eden space 40960K, 0% used [0x0000000795580000,0x0000000795580000,0x0000000797d80000)
  from space 5120K, 99% used [0x0000000798280000,0x000000079877e9a0,0x0000000798780000)
  to   space 5120K, 0% used [0x0000000797d80000,0x0000000797d80000,0x0000000798280000)
 ParOldGen       total 71680K, used 20200K [0x0000000740000000, 0x0000000744600000, 0x0000000795580000)
  object space 71680K, 28% used [0x0000000740000000,0x00000007413ba3b8,0x0000000744600000)
 Metaspace       used 24161K, capacity 25332K, committed 25600K, reserved 1071104K
  class space    used 3329K, capacity 3552K, committed 3584K, reserved 1048576K
}

