# JRE version: Java(TM) SE Runtime Environment (8.0_92-b14) (build 1.8.0_92-b14)
# Java VM: Java HotSpot(TM) 64-Bit Server VM (25.92-b14 mixed mode windows-amd64 compressed oops)
Heap:
 PSYoungGen      total 57344K, used 50601K [0x0000000780780000, 0x0000000786700000, 0x00000007c0000000)
  eden space 49152K, 86% used [0x0000000780780000,0x00000007830ed5d0,0x0000000783780000)
  from space 8192K, 99% used [0x0000000783780000,0x0000000783f7cf98,0x0000000783f80000)
  to   space 8192K, 0% used [0x0000000785f00000,0x0000000785f00000,0x0000000786700000)
 ParOldGen       total 69632K, used 8345K [0x0000000701600000, 0x0000000705a00000, 0x0000000780780000)
  object space 69632K, 11% used [0x0000000701600000,0x0000000701e26620,0x0000000705a00000)
 Metaspace       used 25046K, capacity 26476K, committed 26624K, reserved 1073152K
  class space    used 3456K, capacity 3747K, committed 3840K, reserved 1048576K
GC Heap History (8 events):
Event: 1.696 GC heap before
{Heap before GC invocations=1 (full 0):
 PSYoungGen      total 57344K, used 49152K [0x0000000780780000, 0x0000000784780000, 0x00000007c0000000)
  eden space 49152K, 100% used [0x0000000780780000,0x0000000783780000,0x0000000783780000)
  from space 8192K, 0% used [0x0000000783f80000,0x0000000783f80000,0x0000000784780000)
  to   space 8192K, 0% used [0x0000000783780000,0x0000000783780000,0x0000000783f80000)
 ParOldGen       total 131072K, used 0K [0x0000000701600000, 0x0000000709600000, 0x0000000780780000)
  object space 131072K, 0% used [0x0000000701600000,0x0000000701600000,0x0000000709600000)
 Metaspace       used 19146K, capacity 20326K, committed 20480K, reserved 1067008K
  class space    used 2831K, capacity 3064K, committed 3072K, reserved 1048576K
Event: 1.706 GC heap after
Heap after GC invocations=1 (full 0):
 PSYoungGen      total 57344K, used 6370K [0x0000000780780000, 0x0000000784780000, 0x00000007c0000000)
  eden space 49152K, 0% used [0x0000000780780000,0x0000000780780000,0x0000000783780000)
  from space 8192K, 77% used [0x0000000783780000,0x0000000783db8ae0,0x0000000783f80000)
  to   space 8192K, 0% used [0x0000000783f80000,0x0000000783f80000,0x0000000784780000)
 ParOldGen       total 131072K, used 88K [0x0000000701600000, 0x0000000709600000, 0x0000000780780000)
  object space 131072K, 0% used [0x0000000701600000,0x0000000701616010,0x0000000709600000)
 Metaspace       used 19146K, capacity 20326K, committed 20480K, reserved 1067008K
  class space    used 2831K, capacity 3064K, committed 3072K, reserved 1048576K
}
Event: 1.771 GC heap before
{Heap before GC invocations=2 (full 0):
 PSYoungGen      total 57344K, used 8820K [0x0000000780780000, 0x0000000784780000, 0x00000007c0000000)
  eden space 49152K, 4% used [0x0000000780780000,0x00000007809e4898,0x0000000783780000)
  from space 8192K, 77% used [0x0000000783780000,0x0000000783db8ae0,0x0000000783f80000)
  to   space 8192K, 0% used [0x0000000783f80000,0x0000000783f80000,0x0000000784780000)
 ParOldGen       total 131072K, used 88K [0x0000000701600000, 0x0000000709600000, 0x0000000780780000)
  object space 131072K, 0% used [0x0000000701600000,0x0000000701616010,0x0000000709600000)
 Metaspace       used 20049K, capacity 21250K, committed 21296K, reserved 1067008K
  class space    used 2947K, capacity 3176K, committed 3200K, reserved 1048576K
Event: 1.781 GC heap after
Heap after GC invocations=2 (full 0):
 PSYoungGen      total 57344K, used 6352K [0x0000000780780000, 0x0000000787780000, 0x00000007c0000000)
  eden space 49152K, 0% used [0x0000000780780000,0x0000000780780000,0x0000000783780000)
  from space 8192K, 77% used [0x0000000783f80000,0x00000007845b4060,0x0000000784780000)
  to   space 8192K, 0% used [0x0000000783780000,0x0000000783780000,0x0000000783f80000)
 ParOldGen       total 131072K, used 96K [0x0000000701600000, 0x0000000709600000, 0x0000000780780000)
  object space 131072K, 0% used [0x0000000701600000,0x0000000701618010,0x0000000709600000)
 Metaspace       used 20049K, capacity 21250K, committed 21296K, reserved 1067008K
  class space    used 2947K, capacity 3176K, committed 3200K, reserved 1048576K
}
Event: 1.781 GC heap before
{Heap before GC invocations=3 (full 1):
 PSYoungGen      total 57344K, used 6352K [0x0000000780780000, 0x0000000787780000, 0x00000007c0000000)
  eden space 49152K, 0% used [0x0000000780780000,0x0000000780780000,0x0000000783780000)
  from space 8192K, 77% used [0x0000000783f80000,0x00000007845b4060,0x0000000784780000)
  to   space 8192K, 0% used [0x0000000783780000,0x0000000783780000,0x0000000783f80000)
 ParOldGen       total 131072K, used 96K [0x0000000701600000, 0x0000000709600000, 0x0000000780780000)
  object space 131072K, 0% used [0x0000000701600000,0x0000000701618010,0x0000000709600000)
 Metaspace       used 20049K, capacity 21250K, committed 21296K, reserved 1067008K
  class space    used 2947K, capacity 3176K, committed 3200K, reserved 1048576K
Event: 1.821 GC heap after
Heap after GC invocations=3 (full 1):
 PSYoungGen      total 57344K, used 0K [0x0000000780780000, 0x0000000787780000, 0x00000007c0000000)
  eden space 49152K, 0% used [0x0000000780780000,0x0000000780780000,0x0000000783780000)
  from space 8192K, 0% used [0x0000000783f80000,0x0000000783f80000,0x0000000784780000)
  to   space 8192K, 0% used [0x0000000783780000,0x0000000783780000,0x0000000783f80000)
 ParOldGen       total 69632K, used 6281K [0x0000000701600000, 0x0000000705a00000, 0x0000000780780000)
  object space 69632K, 9% used [0x0000000701600000,0x0000000701c22610,0x0000000705a00000)
 Metaspace       used 20049K, capacity 21250K, committed 21296K, reserved 1067008K
  class space    used 2947K, capacity 3176K, committed 3200K, reserved 1048576K
}
Event: 3.965 GC heap before
{Heap before GC invocations=4 (full 1):
 PSYoungGen      total 57344K, used 49152K [0x0000000780780000, 0x0000000787780000, 0x00000007c0000000)
  eden space 49152K, 100% used [0x0000000780780000,0x0000000783780000,0x0000000783780000)
  from space 8192K, 0% used [0x0000000783f80000,0x0000000783f80000,0x0000000784780000)
  to   space 8192K, 0% used [0x0000000783780000,0x0000000783780000,0x0000000783f80000)
 ParOldGen       total 69632K, used 6281K [0x0000000701600000, 0x0000000705a00000, 0x0000000780780000)
  object space 69632K, 9% used [0x0000000701600000,0x0000000701c22610,0x0000000705a00000)
 Metaspace       used 23902K, capacity 25240K, committed 25472K, reserved 1071104K
  class space    used 3371K, capacity 3657K, committed 3712K, reserved 1048576K
Event: 3.971 GC heap after
Heap after GC invocations=4 (full 1):
 PSYoungGen      total 57344K, used 8179K [0x0000000780780000, 0x0000000786700000, 0x00000007c0000000)
  eden space 49152K, 0% used [0x0000000780780000,0x0000000780780000,0x0000000783780000)
  from space 8192K, 99% used [0x0000000783780000,0x0000000783f7cf98,0x0000000783f80000)
  to   space 8192K, 0% used [0x0000000785f00000,0x0000000785f00000,0x0000000786700000)
 ParOldGen       total 69632K, used 8345K [0x0000000701600000, 0x0000000705a00000, 0x0000000780780000)
  object space 69632K, 11% used [0x0000000701600000,0x0000000701e26620,0x0000000705a00000)
 Metaspace       used 23902K, capacity 25240K, committed 25472K, reserved 1071104K
  class space    used 3371K, capacity 3657K, committed 3712K, reserved 1048576K
}

