# JRE version: Java(TM) SE Runtime Environment (8.0_92-b14) (build 1.8.0_92-b14)
# Java VM: Java HotSpot(TM) 64-Bit Server VM (25.92-b14 mixed mode windows-amd64 compressed oops)
Heap:
 PSYoungGen      total 57344K, used 50696K [0x0000000780780000, 0x0000000786d80000, 0x00000007c0000000)
  eden space 49152K, 86% used [0x0000000780780000,0x0000000783107a28,0x0000000783780000)
  from space 8192K, 99% used [0x0000000783780000,0x0000000783f7a918,0x0000000783f80000)
  to   space 8192K, 0% used [0x0000000786580000,0x0000000786580000,0x0000000786d80000)
 ParOldGen       total 64000K, used 8372K [0x0000000701600000, 0x0000000705480000, 0x0000000780780000)
  object space 64000K, 13% used [0x0000000701600000,0x0000000701e2d120,0x0000000705480000)
 Metaspace       used 25159K, capacity 26534K, committed 26880K, reserved 1073152K
  class space    used 3455K, capacity 3746K, committed 3840K, reserved 1048576K
GC Heap History (8 events):
Event: 3.443 GC heap before
{Heap before GC invocations=1 (full 0):
 PSYoungGen      total 57344K, used 49152K [0x0000000780780000, 0x0000000784780000, 0x00000007c0000000)
  eden space 49152K, 100% used [0x0000000780780000,0x0000000783780000,0x0000000783780000)
  from space 8192K, 0% used [0x0000000783f80000,0x0000000783f80000,0x0000000784780000)
  to   space 8192K, 0% used [0x0000000783780000,0x0000000783780000,0x0000000783f80000)
 ParOldGen       total 131072K, used 0K [0x0000000701600000, 0x0000000709600000, 0x0000000780780000)
  object space 131072K, 0% used [0x0000000701600000,0x0000000701600000,0x0000000709600000)
 Metaspace       used 19001K, capacity 20216K, committed 20480K, reserved 1067008K
  class space    used 2807K, capacity 3047K, committed 3072K, reserved 1048576K
Event: 3.453 GC heap after
Heap after GC invocations=1 (full 0):
 PSYoungGen      total 57344K, used 6224K [0x0000000780780000, 0x0000000784780000, 0x00000007c0000000)
  eden space 49152K, 0% used [0x0000000780780000,0x0000000780780000,0x0000000783780000)
  from space 8192K, 75% used [0x0000000783780000,0x0000000783d94050,0x0000000783f80000)
  to   space 8192K, 0% used [0x0000000783f80000,0x0000000783f80000,0x0000000784780000)
 ParOldGen       total 131072K, used 216K [0x0000000701600000, 0x0000000709600000, 0x0000000780780000)
  object space 131072K, 0% used [0x0000000701600000,0x0000000701636020,0x0000000709600000)
 Metaspace       used 19001K, capacity 20216K, committed 20480K, reserved 1067008K
  class space    used 2807K, capacity 3047K, committed 3072K, reserved 1048576K
}
Event: 3.510 GC heap before
{Heap before GC invocations=2 (full 0):
 PSYoungGen      total 57344K, used 8683K [0x0000000780780000, 0x0000000784780000, 0x00000007c0000000)
  eden space 49152K, 5% used [0x0000000780780000,0x00000007809e6c28,0x0000000783780000)
  from space 8192K, 75% used [0x0000000783780000,0x0000000783d94050,0x0000000783f80000)
  to   space 8192K, 0% used [0x0000000783f80000,0x0000000783f80000,0x0000000784780000)
 ParOldGen       total 131072K, used 216K [0x0000000701600000, 0x0000000709600000, 0x0000000780780000)
  object space 131072K, 0% used [0x0000000701600000,0x0000000701636020,0x0000000709600000)
 Metaspace       used 20025K, capacity 21208K, committed 21296K, reserved 1067008K
  class space    used 2930K, capacity 3163K, committed 3200K, reserved 1048576K
Event: 3.517 GC heap after
Heap after GC invocations=2 (full 0):
 PSYoungGen      total 57344K, used 6210K [0x0000000780780000, 0x0000000787780000, 0x00000007c0000000)
  eden space 49152K, 0% used [0x0000000780780000,0x0000000780780000,0x0000000783780000)
  from space 8192K, 75% used [0x0000000783f80000,0x0000000784590ad0,0x0000000784780000)
  to   space 8192K, 0% used [0x0000000783780000,0x0000000783780000,0x0000000783f80000)
 ParOldGen       total 131072K, used 224K [0x0000000701600000, 0x0000000709600000, 0x0000000780780000)
  object space 131072K, 0% used [0x0000000701600000,0x0000000701638020,0x0000000709600000)
 Metaspace       used 20025K, capacity 21208K, committed 21296K, reserved 1067008K
  class space    used 2930K, capacity 3163K, committed 3200K, reserved 1048576K
}
Event: 3.517 GC heap before
{Heap before GC invocations=3 (full 1):
 PSYoungGen      total 57344K, used 6210K [0x0000000780780000, 0x0000000787780000, 0x00000007c0000000)
  eden space 49152K, 0% used [0x0000000780780000,0x0000000780780000,0x0000000783780000)
  from space 8192K, 75% used [0x0000000783f80000,0x0000000784590ad0,0x0000000784780000)
  to   space 8192K, 0% used [0x0000000783780000,0x0000000783780000,0x0000000783f80000)
 ParOldGen       total 131072K, used 224K [0x0000000701600000, 0x0000000709600000, 0x0000000780780000)
  object space 131072K, 0% used [0x0000000701600000,0x0000000701638020,0x0000000709600000)
 Metaspace       used 20025K, capacity 21208K, committed 21296K, reserved 1067008K
  class space    used 2930K, capacity 3163K, committed 3200K, reserved 1048576K
Event: 3.553 GC heap after
Heap after GC invocations=3 (full 1):
 PSYoungGen      total 57344K, used 0K [0x0000000780780000, 0x0000000787780000, 0x00000007c0000000)
  eden space 49152K, 0% used [0x0000000780780000,0x0000000780780000,0x0000000783780000)
  from space 8192K, 0% used [0x0000000783f80000,0x0000000783f80000,0x0000000784780000)
  to   space 8192K, 0% used [0x0000000783780000,0x0000000783780000,0x0000000783f80000)
 ParOldGen       total 64000K, used 6266K [0x0000000701600000, 0x0000000705480000, 0x0000000780780000)
  object space 64000K, 9% used [0x0000000701600000,0x0000000701c1e938,0x0000000705480000)
 Metaspace       used 20025K, capacity 21208K, committed 21296K, reserved 1067008K
  class space    used 2930K, capacity 3163K, committed 3200K, reserved 1048576K
}
Event: 5.617 GC heap before
{Heap before GC invocations=4 (full 1):
 PSYoungGen      total 57344K, used 49152K [0x0000000780780000, 0x0000000787780000, 0x00000007c0000000)
  eden space 49152K, 100% used [0x0000000780780000,0x0000000783780000,0x0000000783780000)
  from space 8192K, 0% used [0x0000000783f80000,0x0000000783f80000,0x0000000784780000)
  to   space 8192K, 0% used [0x0000000783780000,0x0000000783780000,0x0000000783f80000)
 ParOldGen       total 64000K, used 6266K [0x0000000701600000, 0x0000000705480000, 0x0000000780780000)
  object space 64000K, 9% used [0x0000000701600000,0x0000000701c1e938,0x0000000705480000)
 Metaspace       used 23942K, capacity 25240K, committed 25472K, reserved 1071104K
  class space    used 3370K, capacity 3657K, committed 3712K, reserved 1048576K
Event: 5.623 GC heap after
Heap after GC invocations=4 (full 1):
 PSYoungGen      total 57344K, used 8170K [0x0000000780780000, 0x0000000786d80000, 0x00000007c0000000)
  eden space 49152K, 0% used [0x0000000780780000,0x0000000780780000,0x0000000783780000)
  from space 8192K, 99% used [0x0000000783780000,0x0000000783f7a918,0x0000000783f80000)
  to   space 8192K, 0% used [0x0000000786580000,0x0000000786580000,0x0000000786d80000)
 ParOldGen       total 64000K, used 8372K [0x0000000701600000, 0x0000000705480000, 0x0000000780780000)
  object space 64000K, 13% used [0x0000000701600000,0x0000000701e2d120,0x0000000705480000)
 Metaspace       used 23942K, capacity 25240K, committed 25472K, reserved 1071104K
  class space    used 3370K, capacity 3657K, committed 3712K, reserved 1048576K
}

